This file contains any messages produced by compilers while
running configure, to aid debugging if configure makes a mistake.

It was created by src/grib_api.h configure  , which was
generated by GNU Autoconf 2.65.  Invocation command line was

  $ ./configure --prefix=/gpfs/dell1/nco/ops/nwpara/wsr.v3.1.0.1/libs/ecmwf_grib_api-1.9.16 --with-jasper=/usrx/local/prod/packages/gnu/4.8.5/jasper/1.900.1

## --------- ##
## Platform. ##
## --------- ##

hostname = v71a2
uname -m = x86_64
uname -r = 3.10.0-862.41.1.el7.x86_64
uname -s = Linux
uname -v = #1 SMP Thu Aug 8 11:50:24 UTC 2019

/usr/bin/uname -p = x86_64
/bin/uname -X     = unknown

/bin/arch              = x86_64
/usr/bin/arch -k       = unknown
/usr/convex/getsysinfo = unknown
/usr/bin/hostinfo      = unknown
/bin/machine           = unknown
/usr/bin/oslevel       = unknown
/bin/universe          = unknown

PATH: /usrx/local/prod/packages/gnu/4.8.5/jasper/1.900.1/bin
PATH: /usrx/local/prod/intel/2018UP01/advisor_2018/bin64
PATH: /usrx/local/prod/intel/2018UP01/vtune_amplifier_2018/bin64
PATH: /usrx/local/prod/intel/2018UP01/inspector_2018/bin64
PATH: /usrx/local/prod/intel/2018UP01/itac_latest/bin
PATH: /usrx/local/prod/intel/2018UP01/clck_latest/bin/intel64
PATH: /usrx/local/prod/intel/2018UP01/compilers_and_libraries/linux/bin/intel64
PATH: /usrx/local/prod/intel/2018UP01/compilers_and_libraries/linux/mpi/bin64
PATH: /usrx/local/prod/intel/2018UP01/debugger_2018/gdb/targets/intel64/x200/bin
PATH: /usrx/local/prod/intel/2018UP01/debugger_2018/gdb/intel64/bin
PATH: /gpfs/lsf/10.1/linux3.10-glibc2.17-x86_64/etc
PATH: /gpfs/lsf/10.1/linux3.10-glibc2.17-x86_64/bin
PATH: /usr/lib64/qt-3.3/bin
PATH: /usr/local/bin
PATH: /usr/bin
PATH: /usr/local/sbin
PATH: /usr/sbin
PATH: /usr/lpp/mmfs/bin
PATH: /opt/ibutils/bin
PATH: /opt/dell/srvadmin/bin
PATH: /u/Simon.Hsiao/bin
PATH: /usrx/local/bin


## ----------- ##
## Core tests. ##
## ----------- ##

configure:2422: checking whether build environment is sane
configure:2472: result: yes
configure:2494: checking for a BSD-compatible install
configure:2562: result: /usr/bin/install -c
configure:2712: checking for a thread-safe mkdir -p
configure:2751: result: /usr/bin/mkdir -p
configure:2764: checking for gawk
configure:2780: found /usr/bin/gawk
configure:2791: result: gawk
configure:2802: checking whether make sets $(MAKE)
configure:2824: result: yes
configure:2992: checking for xlc_r
configure:3022: result: no
configure:2992: checking for xlc
configure:3022: result: no
configure:2992: checking for gcc
configure:3008: found /usr/bin/gcc
configure:3019: result: gcc
configure:3050: checking for C compiler version
configure:3059: gcc --version >&5
gcc (GCC) 4.8.5 20150623 (Red Hat 4.8.5-28)
Copyright (C) 2015 Free Software Foundation, Inc.
This is free software; see the source for copying conditions.  There is NO
warranty; not even for MERCHANTABILITY or FITNESS FOR A PARTICULAR PURPOSE.

configure:3070: $? = 0
configure:3059: gcc -v >&5
Using built-in specs.
COLLECT_GCC=gcc
COLLECT_LTO_WRAPPER=/usr/libexec/gcc/x86_64-redhat-linux/4.8.5/lto-wrapper
Target: x86_64-redhat-linux
Configured with: ../configure --prefix=/usr --mandir=/usr/share/man --infodir=/usr/share/info --with-bugurl=http://bugzilla.redhat.com/bugzilla --enable-bootstrap --enable-shared --enable-threads=posix --enable-checking=release --with-system-zlib --enable-__cxa_atexit --disable-libunwind-exceptions --enable-gnu-unique-object --enable-linker-build-id --with-linker-hash-style=gnu --enable-languages=c,c++,objc,obj-c++,java,fortran,ada,go,lto --enable-plugin --enable-initfini-array --disable-libgcj --with-isl=/builddir/build/BUILD/gcc-4.8.5-20150702/obj-x86_64-redhat-linux/isl-install --with-cloog=/builddir/build/BUILD/gcc-4.8.5-20150702/obj-x86_64-redhat-linux/cloog-install --enable-gnu-indirect-function --with-tune=generic --with-arch_32=x86-64 --build=x86_64-redhat-linux
Thread model: posix
gcc version 4.8.5 20150623 (Red Hat 4.8.5-28) (GCC) 
configure:3070: $? = 0
configure:3059: gcc -V >&5
gcc: error: unrecognized command line option '-V'
gcc: fatal error: no input files
compilation terminated.
configure:3070: $? = 4
configure:3059: gcc -qversion >&5
gcc: error: unrecognized command line option '-qversion'
gcc: fatal error: no input files
compilation terminated.
configure:3070: $? = 4
configure:3090: checking whether the C compiler works
configure:3112: gcc    conftest.c  >&5
configure:3116: $? = 0
configure:3165: result: yes
configure:3168: checking for C compiler default output file name
configure:3170: result: a.out
configure:3176: checking for suffix of executables
configure:3183: gcc -o conftest    conftest.c  >&5
configure:3187: $? = 0
configure:3209: result: 
configure:3231: checking whether we are cross compiling
configure:3239: gcc -o conftest    conftest.c  >&5
configure:3243: $? = 0
configure:3250: ./conftest
configure:3254: $? = 0
configure:3269: result: no
configure:3274: checking for suffix of object files
configure:3296: gcc -c   conftest.c >&5
configure:3300: $? = 0
configure:3321: result: o
configure:3325: checking whether we are using the GNU C compiler
configure:3344: gcc -c   conftest.c >&5
configure:3344: $? = 0
configure:3353: result: yes
configure:3362: checking whether gcc accepts -g
configure:3382: gcc -c -g  conftest.c >&5
configure:3382: $? = 0
configure:3423: result: yes
configure:3440: checking for gcc option to accept ISO C89
configure:3504: gcc  -c -g -O2  conftest.c >&5
configure:3504: $? = 0
configure:3517: result: none needed
configure:3548: checking for style of include used by make
configure:3576: result: GNU
configure:3601: checking dependency style of gcc
configure:3711: result: gcc3
configure:3731: checking how to run the C preprocessor
configure:3762: gcc -E  conftest.c
configure:3762: $? = 0
configure:3776: gcc -E  conftest.c
conftest.c:13:28: fatal error: ac_nonexistent.h: No such file or directory
 #include <ac_nonexistent.h>
                            ^
compilation terminated.
configure:3776: $? = 1
configure: failed program was:
| /* confdefs.h */
| #define PACKAGE_NAME "src/grib_api.h"
| #define PACKAGE_TARNAME "src-grib_api-h"
| #define PACKAGE_VERSION " "
| #define PACKAGE_STRING "src/grib_api.h  "
| #define PACKAGE_BUGREPORT "Software.Support@ecmwf.int"
| #define PACKAGE_URL ""
| #define GRIB_API_MAIN_VERSION 1.9.16
| #define GRIB_API_MAJOR_VERSION 1
| #define GRIB_API_MINOR_VERSION 9
| #define GRIB_API_REVISION_VERSION 16
| /* end confdefs.h.  */
| #include <ac_nonexistent.h>
configure:3801: result: gcc -E
configure:3821: gcc -E  conftest.c
configure:3821: $? = 0
configure:3835: gcc -E  conftest.c
conftest.c:13:28: fatal error: ac_nonexistent.h: No such file or directory
 #include <ac_nonexistent.h>
                            ^
compilation terminated.
configure:3835: $? = 1
configure: failed program was:
| /* confdefs.h */
| #define PACKAGE_NAME "src/grib_api.h"
| #define PACKAGE_TARNAME "src-grib_api-h"
| #define PACKAGE_VERSION " "
| #define PACKAGE_STRING "src/grib_api.h  "
| #define PACKAGE_BUGREPORT "Software.Support@ecmwf.int"
| #define PACKAGE_URL ""
| #define GRIB_API_MAIN_VERSION 1.9.16
| #define GRIB_API_MAJOR_VERSION 1
| #define GRIB_API_MINOR_VERSION 9
| #define GRIB_API_REVISION_VERSION 16
| /* end confdefs.h.  */
| #include <ac_nonexistent.h>
configure:3864: checking whether ln -s works
configure:3868: result: yes
configure:3875: checking whether make sets $(MAKE)
configure:3897: result: yes
configure:3949: checking for ranlib
configure:3965: found /usr/bin/ranlib
configure:3976: result: ranlib
configure:4002: checking for bison
configure:4018: found /usr/bin/bison
configure:4029: result: bison -y
configure:4046: checking for flex
configure:4062: found /usr/bin/flex
configure:4073: result: flex
configure:4110: flex conftest.l
configure:4114: $? = 0
configure:4116: checking lex output file root
configure:4130: result: lex.yy
configure:4135: checking lex library
configure:4149: gcc -o conftest -g -O2   conftest.c   >&5
/tmp/ccKBrQbn.o: In function `input':
/gpfs/dell1/nco/ops/nwpara/wsr.v3.1.0.1/libs/grib_api-1.9.16-working/lex.yy.c:1169: undefined reference to `yywrap'
/tmp/ccKBrQbn.o: In function `yylex':
/gpfs/dell1/nco/ops/nwpara/wsr.v3.1.0.1/libs/grib_api-1.9.16-working/lex.yy.c:868: undefined reference to `yywrap'
/tmp/ccKBrQbn.o: In function `main':
/gpfs/dell1/nco/ops/nwpara/wsr.v3.1.0.1/libs/grib_api-1.9.16-working/conftest.l:17: undefined reference to `yywrap'
collect2: error: ld returned 1 exit status
configure:4149: $? = 1
configure: failed program was:
| /* confdefs.h */
| #define PACKAGE_NAME "src/grib_api.h"
| #define PACKAGE_TARNAME "src-grib_api-h"
| #define PACKAGE_VERSION " "
| #define PACKAGE_STRING "src/grib_api.h  "
| #define PACKAGE_BUGREPORT "Software.Support@ecmwf.int"
| #define PACKAGE_URL ""
| #define GRIB_API_MAIN_VERSION 1.9.16
| #define GRIB_API_MAJOR_VERSION 1
| #define GRIB_API_MINOR_VERSION 9
| #define GRIB_API_REVISION_VERSION 16
| /* end confdefs.h.  */
| 
| #line 3 "lex.yy.c"
| 
| #define  YY_INT_ALIGNED short int
| 
| /* A lexical scanner generated by flex */
| 
| #define FLEX_SCANNER
| #define YY_FLEX_MAJOR_VERSION 2
| #define YY_FLEX_MINOR_VERSION 5
| #define YY_FLEX_SUBMINOR_VERSION 37
| #if YY_FLEX_SUBMINOR_VERSION > 0
| #define FLEX_BETA
| #endif
| 
| /* First, we deal with  platform-specific or compiler-specific issues. */
| 
| /* begin standard C headers. */
| #include <stdio.h>
| #include <string.h>
| #include <errno.h>
| #include <stdlib.h>
| 
| /* end standard C headers. */
| 
| /* flex integer type definitions */
| 
| #ifndef FLEXINT_H
| #define FLEXINT_H
| 
| /* C99 systems have <inttypes.h>. Non-C99 systems may or may not. */
| 
| #if defined (__STDC_VERSION__) && __STDC_VERSION__ >= 199901L
| 
| /* C99 says to define __STDC_LIMIT_MACROS before including stdint.h,
|  * if you want the limit (max/min) macros for int types. 
|  */
| #ifndef __STDC_LIMIT_MACROS
| #define __STDC_LIMIT_MACROS 1
| #endif
| 
| #include <inttypes.h>
| typedef int8_t flex_int8_t;
| typedef uint8_t flex_uint8_t;
| typedef int16_t flex_int16_t;
| typedef uint16_t flex_uint16_t;
| typedef int32_t flex_int32_t;
| typedef uint32_t flex_uint32_t;
| #else
| typedef signed char flex_int8_t;
| typedef short int flex_int16_t;
| typedef int flex_int32_t;
| typedef unsigned char flex_uint8_t; 
| typedef unsigned short int flex_uint16_t;
| typedef unsigned int flex_uint32_t;
| 
| /* Limits of integral types. */
| #ifndef INT8_MIN
| #define INT8_MIN               (-128)
| #endif
| #ifndef INT16_MIN
| #define INT16_MIN              (-32767-1)
| #endif
| #ifndef INT32_MIN
| #define INT32_MIN              (-2147483647-1)
| #endif
| #ifndef INT8_MAX
| #define INT8_MAX               (127)
| #endif
| #ifndef INT16_MAX
| #define INT16_MAX              (32767)
| #endif
| #ifndef INT32_MAX
| #define INT32_MAX              (2147483647)
| #endif
| #ifndef UINT8_MAX
| #define UINT8_MAX              (255U)
| #endif
| #ifndef UINT16_MAX
| #define UINT16_MAX             (65535U)
| #endif
| #ifndef UINT32_MAX
| #define UINT32_MAX             (4294967295U)
| #endif
| 
| #endif /* ! C99 */
| 
| #endif /* ! FLEXINT_H */
| 
| #ifdef __cplusplus
| 
| /* The "const" storage-class-modifier is valid. */
| #define YY_USE_CONST
| 
| #else	/* ! __cplusplus */
| 
| /* C99 requires __STDC__ to be defined as 1. */
| #if defined (__STDC__)
| 
| #define YY_USE_CONST
| 
| #endif	/* defined (__STDC__) */
| #endif	/* ! __cplusplus */
| 
| #ifdef YY_USE_CONST
| #define yyconst const
| #else
| #define yyconst
| #endif
| 
| /* Returned upon end-of-file. */
| #define YY_NULL 0
| 
| /* Promotes a possibly negative, possibly signed char to an unsigned
|  * integer for use as an array index.  If the signed char is negative,
|  * we want to instead treat it as an 8-bit unsigned char, hence the
|  * double cast.
|  */
| #define YY_SC_TO_UI(c) ((unsigned int) (unsigned char) c)
| 
| /* Enter a start condition.  This macro really ought to take a parameter,
|  * but we do it the disgusting crufty way forced on us by the ()-less
|  * definition of BEGIN.
|  */
| #define BEGIN (yy_start) = 1 + 2 *
| 
| /* Translate the current start state into a value that can be later handed
|  * to BEGIN to return to the state.  The YYSTATE alias is for lex
|  * compatibility.
|  */
| #define YY_START (((yy_start) - 1) / 2)
| #define YYSTATE YY_START
| 
| /* Action number for EOF rule of a given start state. */
| #define YY_STATE_EOF(state) (YY_END_OF_BUFFER + state + 1)
| 
| /* Special action meaning "start processing a new file". */
| #define YY_NEW_FILE yyrestart(yyin  )
| 
| #define YY_END_OF_BUFFER_CHAR 0
| 
| /* Size of default input buffer. */
| #ifndef YY_BUF_SIZE
| #define YY_BUF_SIZE 16384
| #endif
| 
| /* The state buf must be large enough to hold one state per character in the main buffer.
|  */
| #define YY_STATE_BUF_SIZE   ((YY_BUF_SIZE + 2) * sizeof(yy_state_type))
| 
| #ifndef YY_TYPEDEF_YY_BUFFER_STATE
| #define YY_TYPEDEF_YY_BUFFER_STATE
| typedef struct yy_buffer_state *YY_BUFFER_STATE;
| #endif
| 
| #ifndef YY_TYPEDEF_YY_SIZE_T
| #define YY_TYPEDEF_YY_SIZE_T
| typedef size_t yy_size_t;
| #endif
| 
| extern yy_size_t yyleng;
| 
| extern FILE *yyin, *yyout;
| 
| #define EOB_ACT_CONTINUE_SCAN 0
| #define EOB_ACT_END_OF_FILE 1
| #define EOB_ACT_LAST_MATCH 2
| 
|     #define YY_LESS_LINENO(n)
|     
| /* Return all but the first "n" matched characters back to the input stream. */
| #define yyless(n) \
| 	do \
| 		{ \
| 		/* Undo effects of setting up yytext. */ \
|         int yyless_macro_arg = (n); \
|         YY_LESS_LINENO(yyless_macro_arg);\
| 		*yy_cp = (yy_hold_char); \
| 		YY_RESTORE_YY_MORE_OFFSET \
| 		(yy_c_buf_p) = yy_cp = yy_bp + yyless_macro_arg - YY_MORE_ADJ; \
| 		YY_DO_BEFORE_ACTION; /* set up yytext again */ \
| 		} \
| 	while ( 0 )
| 
| #define unput(c) yyunput( c, (yytext_ptr)  )
| 
| #ifndef YY_STRUCT_YY_BUFFER_STATE
| #define YY_STRUCT_YY_BUFFER_STATE
| struct yy_buffer_state
| 	{
| 	FILE *yy_input_file;
| 
| 	char *yy_ch_buf;		/* input buffer */
| 	char *yy_buf_pos;		/* current position in input buffer */
| 
| 	/* Size of input buffer in bytes, not including room for EOB
| 	 * characters.
| 	 */
| 	yy_size_t yy_buf_size;
| 
| 	/* Number of characters read into yy_ch_buf, not including EOB
| 	 * characters.
| 	 */
| 	yy_size_t yy_n_chars;
| 
| 	/* Whether we "own" the buffer - i.e., we know we created it,
| 	 * and can realloc() it to grow it, and should free() it to
| 	 * delete it.
| 	 */
| 	int yy_is_our_buffer;
| 
| 	/* Whether this is an "interactive" input source; if so, and
| 	 * if we're using stdio for input, then we want to use getc()
| 	 * instead of fread(), to make sure we stop fetching input after
| 	 * each newline.
| 	 */
| 	int yy_is_interactive;
| 
| 	/* Whether we're considered to be at the beginning of a line.
| 	 * If so, '^' rules will be active on the next match, otherwise
| 	 * not.
| 	 */
| 	int yy_at_bol;
| 
|     int yy_bs_lineno; /**< The line count. */
|     int yy_bs_column; /**< The column count. */
|     
| 	/* Whether to try to fill the input buffer when we reach the
| 	 * end of it.
| 	 */
| 	int yy_fill_buffer;
| 
| 	int yy_buffer_status;
| 
| #define YY_BUFFER_NEW 0
| #define YY_BUFFER_NORMAL 1
| 	/* When an EOF's been seen but there's still some text to process
| 	 * then we mark the buffer as YY_EOF_PENDING, to indicate that we
| 	 * shouldn't try reading from the input source any more.  We might
| 	 * still have a bunch of tokens to match, though, because of
| 	 * possible backing-up.
| 	 *
| 	 * When we actually see the EOF, we change the status to "new"
| 	 * (via yyrestart()), so that the user can continue scanning by
| 	 * just pointing yyin at a new input file.
| 	 */
| #define YY_BUFFER_EOF_PENDING 2
| 
| 	};
| #endif /* !YY_STRUCT_YY_BUFFER_STATE */
| 
| /* Stack of input buffers. */
| static size_t yy_buffer_stack_top = 0; /**< index of top of stack. */
| static size_t yy_buffer_stack_max = 0; /**< capacity of stack. */
| static YY_BUFFER_STATE * yy_buffer_stack = 0; /**< Stack as an array. */
| 
| /* We provide macros for accessing buffer states in case in the
|  * future we want to put the buffer states in a more general
|  * "scanner state".
|  *
|  * Returns the top of the stack, or NULL.
|  */
| #define YY_CURRENT_BUFFER ( (yy_buffer_stack) \
|                           ? (yy_buffer_stack)[(yy_buffer_stack_top)] \
|                           : NULL)
| 
| /* Same as previous macro, but useful when we know that the buffer stack is not
|  * NULL or when we need an lvalue. For internal use only.
|  */
| #define YY_CURRENT_BUFFER_LVALUE (yy_buffer_stack)[(yy_buffer_stack_top)]
| 
| /* yy_hold_char holds the character lost when yytext is formed. */
| static char yy_hold_char;
| static yy_size_t yy_n_chars;		/* number of characters read into yy_ch_buf */
| yy_size_t yyleng;
| 
| /* Points to current character in buffer. */
| static char *yy_c_buf_p = (char *) 0;
| static int yy_init = 0;		/* whether we need to initialize */
| static int yy_start = 0;	/* start state number */
| 
| /* Flag which is used to allow yywrap()'s to do buffer switches
|  * instead of setting up a fresh yyin.  A bit of a hack ...
|  */
| static int yy_did_buffer_switch_on_eof;
| 
| void yyrestart (FILE *input_file  );
| void yy_switch_to_buffer (YY_BUFFER_STATE new_buffer  );
| YY_BUFFER_STATE yy_create_buffer (FILE *file,int size  );
| void yy_delete_buffer (YY_BUFFER_STATE b  );
| void yy_flush_buffer (YY_BUFFER_STATE b  );
| void yypush_buffer_state (YY_BUFFER_STATE new_buffer  );
| void yypop_buffer_state (void );
| 
| static void yyensure_buffer_stack (void );
| static void yy_load_buffer_state (void );
| static void yy_init_buffer (YY_BUFFER_STATE b,FILE *file  );
| 
| #define YY_FLUSH_BUFFER yy_flush_buffer(YY_CURRENT_BUFFER )
| 
| YY_BUFFER_STATE yy_scan_buffer (char *base,yy_size_t size  );
| YY_BUFFER_STATE yy_scan_string (yyconst char *yy_str  );
| YY_BUFFER_STATE yy_scan_bytes (yyconst char *bytes,yy_size_t len  );
| 
| void *yyalloc (yy_size_t  );
| void *yyrealloc (void *,yy_size_t  );
| void yyfree (void *  );
| 
| #define yy_new_buffer yy_create_buffer
| 
| #define yy_set_interactive(is_interactive) \
| 	{ \
| 	if ( ! YY_CURRENT_BUFFER ){ \
|         yyensure_buffer_stack (); \
| 		YY_CURRENT_BUFFER_LVALUE =    \
|             yy_create_buffer(yyin,YY_BUF_SIZE ); \
| 	} \
| 	YY_CURRENT_BUFFER_LVALUE->yy_is_interactive = is_interactive; \
| 	}
| 
| #define yy_set_bol(at_bol) \
| 	{ \
| 	if ( ! YY_CURRENT_BUFFER ){\
|         yyensure_buffer_stack (); \
| 		YY_CURRENT_BUFFER_LVALUE =    \
|             yy_create_buffer(yyin,YY_BUF_SIZE ); \
| 	} \
| 	YY_CURRENT_BUFFER_LVALUE->yy_at_bol = at_bol; \
| 	}
| 
| #define YY_AT_BOL() (YY_CURRENT_BUFFER_LVALUE->yy_at_bol)
| 
| /* Begin user sect3 */
| 
| typedef unsigned char YY_CHAR;
| 
| FILE *yyin = (FILE *) 0, *yyout = (FILE *) 0;
| 
| typedef int yy_state_type;
| 
| extern int yylineno;
| 
| int yylineno = 1;
| 
| extern char *yytext;
| #define yytext_ptr yytext
| 
| static yy_state_type yy_get_previous_state (void );
| static yy_state_type yy_try_NUL_trans (yy_state_type current_state  );
| static int yy_get_next_buffer (void );
| static void yy_fatal_error (yyconst char msg[]  );
| 
| /* Done after the current pattern has been matched and before the
|  * corresponding action - sets up yytext.
|  */
| #define YY_DO_BEFORE_ACTION \
| 	(yytext_ptr) = yy_bp; \
| 	(yytext_ptr) -= (yy_more_len); \
| 	yyleng = (size_t) (yy_cp - (yytext_ptr)); \
| 	(yy_hold_char) = *yy_cp; \
| 	*yy_cp = '\0'; \
| 	(yy_c_buf_p) = yy_cp;
| 
| #define YY_NUM_RULES 8
| #define YY_END_OF_BUFFER 9
| /* This struct is not used in this scanner,
|    but its presence is necessary. */
| struct yy_trans_info
| 	{
| 	flex_int32_t yy_verify;
| 	flex_int32_t yy_nxt;
| 	};
| static yyconst flex_int16_t yy_acclist[23] =
|     {   0,
|         9,    7,    8,    8,    1,    7,    8,    2,    7,    8,
|         3,    7,    8,    4,    7,    8,    5,    7,    8,    6,
|         7,    8
|     } ;
| 
| static yyconst flex_int16_t yy_accept[14] =
|     {   0,
|         1,    1,    1,    2,    4,    5,    8,   11,   14,   17,
|        20,   23,   23
|     } ;
| 
| static yyconst flex_int32_t yy_ec[256] =
|     {   0,
|         1,    1,    1,    1,    1,    1,    1,    1,    1,    2,
|         1,    1,    1,    1,    1,    1,    1,    1,    1,    1,
|         1,    1,    1,    1,    1,    1,    1,    1,    1,    1,
|         1,    1,    1,    1,    1,    1,    1,    1,    1,    1,
|         1,    1,    1,    1,    1,    1,    1,    1,    1,    1,
|         1,    1,    1,    1,    1,    1,    1,    1,    1,    1,
|         1,    1,    1,    1,    1,    1,    1,    1,    1,    1,
|         1,    1,    1,    1,    1,    1,    1,    1,    1,    1,
|         1,    1,    1,    1,    1,    1,    1,    1,    1,    1,
|         1,    1,    1,    1,    1,    1,    3,    4,    5,    6,
| 
|         7,    8,    1,    1,    1,    1,    1,    1,    1,    1,
|         1,    1,    1,    1,    1,    1,    1,    1,    1,    1,
|         1,    1,    1,    1,    1,    1,    1,    1,    1,    1,
|         1,    1,    1,    1,    1,    1,    1,    1,    1,    1,
|         1,    1,    1,    1,    1,    1,    1,    1,    1,    1,
|         1,    1,    1,    1,    1,    1,    1,    1,    1,    1,
|         1,    1,    1,    1,    1,    1,    1,    1,    1,    1,
|         1,    1,    1,    1,    1,    1,    1,    1,    1,    1,
|         1,    1,    1,    1,    1,    1,    1,    1,    1,    1,
|         1,    1,    1,    1,    1,    1,    1,    1,    1,    1,
| 
|         1,    1,    1,    1,    1,    1,    1,    1,    1,    1,
|         1,    1,    1,    1,    1,    1,    1,    1,    1,    1,
|         1,    1,    1,    1,    1,    1,    1,    1,    1,    1,
|         1,    1,    1,    1,    1,    1,    1,    1,    1,    1,
|         1,    1,    1,    1,    1,    1,    1,    1,    1,    1,
|         1,    1,    1,    1,    1
|     } ;
| 
| static yyconst flex_int32_t yy_meta[9] =
|     {   0,
|         1,    1,    1,    1,    1,    1,    1,    1
|     } ;
| 
| static yyconst flex_int16_t yy_base[13] =
|     {   0,
|         0,    0,    9,   10,   10,   10,   10,   10,   10,   10,
|        10,   10
|     } ;
| 
| static yyconst flex_int16_t yy_def[13] =
|     {   0,
|        12,    1,   12,   12,   12,   12,   12,   12,   12,   12,
|        12,    0
|     } ;
| 
| static yyconst flex_int16_t yy_nxt[19] =
|     {   0,
|         4,    5,    6,    7,    8,    9,   10,   11,   12,    3,
|        12,   12,   12,   12,   12,   12,   12,   12
|     } ;
| 
| static yyconst flex_int16_t yy_chk[19] =
|     {   0,
|         1,    1,    1,    1,    1,    1,    1,    1,    3,   12,
|        12,   12,   12,   12,   12,   12,   12,   12
|     } ;
| 
| extern int yy_flex_debug;
| int yy_flex_debug = 0;
| 
| static yy_state_type *yy_state_buf=0, *yy_state_ptr=0;
| static char *yy_full_match;
| static int yy_lp;
| #define REJECT \
| { \
| *yy_cp = (yy_hold_char); /* undo effects of setting up yytext */ \
| yy_cp = (yy_full_match); /* restore poss. backed-over text */ \
| ++(yy_lp); \
| goto find_rule; \
| }
| 
| static int yy_more_flag = 0;
| static int yy_more_len = 0;
| #define yymore() ((yy_more_flag) = 1)
| #define YY_MORE_ADJ (yy_more_len)
| #define YY_RESTORE_YY_MORE_OFFSET
| char *yytext;
| #line 1 "conftest.l"
| #line 469 "lex.yy.c"
| 
| #define INITIAL 0
| 
| #ifndef YY_NO_UNISTD_H
| /* Special case for "unistd.h", since it is non-ANSI. We include it way
|  * down here because we want the user's section 1 to have been scanned first.
|  * The user has a chance to override it with an option.
|  */
| #include <unistd.h>
| #endif
| 
| #ifndef YY_EXTRA_TYPE
| #define YY_EXTRA_TYPE void *
| #endif
| 
| static int yy_init_globals (void );
| 
| /* Accessor methods to globals.
|    These are made visible to non-reentrant scanners for convenience. */
| 
| int yylex_destroy (void );
| 
| int yyget_debug (void );
| 
| void yyset_debug (int debug_flag  );
| 
| YY_EXTRA_TYPE yyget_extra (void );
| 
| void yyset_extra (YY_EXTRA_TYPE user_defined  );
| 
| FILE *yyget_in (void );
| 
| void yyset_in  (FILE * in_str  );
| 
| FILE *yyget_out (void );
| 
| void yyset_out  (FILE * out_str  );
| 
| yy_size_t yyget_leng (void );
| 
| char *yyget_text (void );
| 
| int yyget_lineno (void );
| 
| void yyset_lineno (int line_number  );
| 
| /* Macros after this point can all be overridden by user definitions in
|  * section 1.
|  */
| 
| #ifndef YY_SKIP_YYWRAP
| #ifdef __cplusplus
| extern "C" int yywrap (void );
| #else
| extern int yywrap (void );
| #endif
| #endif
| 
|     static void yyunput (int c,char *buf_ptr  );
|     
| #ifndef yytext_ptr
| static void yy_flex_strncpy (char *,yyconst char *,int );
| #endif
| 
| #ifdef YY_NEED_STRLEN
| static int yy_flex_strlen (yyconst char * );
| #endif
| 
| #ifndef YY_NO_INPUT
| 
| #ifdef __cplusplus
| static int yyinput (void );
| #else
| static int input (void );
| #endif
| 
| #endif
| 
| /* Amount of stuff to slurp up with each read. */
| #ifndef YY_READ_BUF_SIZE
| #define YY_READ_BUF_SIZE 8192
| #endif
| 
| /* Copy whatever the last rule matched to the standard output. */
| #ifndef ECHO
| /* This used to be an fputs(), but since the string might contain NUL's,
|  * we now use fwrite().
|  */
| #define ECHO do { if (fwrite( yytext, yyleng, 1, yyout )) {} } while (0)
| #endif
| 
| /* Gets input and stuffs it into "buf".  number of characters read, or YY_NULL,
|  * is returned in "result".
|  */
| #ifndef YY_INPUT
| #define YY_INPUT(buf,result,max_size) \
| 	if ( YY_CURRENT_BUFFER_LVALUE->yy_is_interactive ) \
| 		{ \
| 		int c = '*'; \
| 		size_t n; \
| 		for ( n = 0; n < max_size && \
| 			     (c = getc( yyin )) != EOF && c != '\n'; ++n ) \
| 			buf[n] = (char) c; \
| 		if ( c == '\n' ) \
| 			buf[n++] = (char) c; \
| 		if ( c == EOF && ferror( yyin ) ) \
| 			YY_FATAL_ERROR( "input in flex scanner failed" ); \
| 		result = n; \
| 		} \
| 	else \
| 		{ \
| 		errno=0; \
| 		while ( (result = fread(buf, 1, max_size, yyin))==0 && ferror(yyin)) \
| 			{ \
| 			if( errno != EINTR) \
| 				{ \
| 				YY_FATAL_ERROR( "input in flex scanner failed" ); \
| 				break; \
| 				} \
| 			errno=0; \
| 			clearerr(yyin); \
| 			} \
| 		}\
| \
| 
| #endif
| 
| /* No semi-colon after return; correct usage is to write "yyterminate();" -
|  * we don't want an extra ';' after the "return" because that will cause
|  * some compilers to complain about unreachable statements.
|  */
| #ifndef yyterminate
| #define yyterminate() return YY_NULL
| #endif
| 
| /* Number of entries by which start-condition stack grows. */
| #ifndef YY_START_STACK_INCR
| #define YY_START_STACK_INCR 25
| #endif
| 
| /* Report a fatal error. */
| #ifndef YY_FATAL_ERROR
| #define YY_FATAL_ERROR(msg) yy_fatal_error( msg )
| #endif
| 
| /* end tables serialization structures and prototypes */
| 
| /* Default declaration of generated scanner - a define so the user can
|  * easily add parameters.
|  */
| #ifndef YY_DECL
| #define YY_DECL_IS_OURS 1
| 
| extern int yylex (void);
| 
| #define YY_DECL int yylex (void)
| #endif /* !YY_DECL */
| 
| /* Code executed at the beginning of each rule, after yytext and yyleng
|  * have been set up.
|  */
| #ifndef YY_USER_ACTION
| #define YY_USER_ACTION
| #endif
| 
| /* Code executed at the end of each rule. */
| #ifndef YY_BREAK
| #define YY_BREAK break;
| #endif
| 
| #define YY_RULE_SETUP \
| 	YY_USER_ACTION
| 
| /** The main scanner function which does all the work.
|  */
| YY_DECL
| {
| 	register yy_state_type yy_current_state;
| 	register char *yy_cp, *yy_bp;
| 	register int yy_act;
|     
| #line 1 "conftest.l"
| 
| #line 653 "lex.yy.c"
| 
| 	if ( !(yy_init) )
| 		{
| 		(yy_init) = 1;
| 
| #ifdef YY_USER_INIT
| 		YY_USER_INIT;
| #endif
| 
|         /* Create the reject buffer large enough to save one state per allowed character. */
|         if ( ! (yy_state_buf) )
|             (yy_state_buf) = (yy_state_type *)yyalloc(YY_STATE_BUF_SIZE  );
|             if ( ! (yy_state_buf) )
|                 YY_FATAL_ERROR( "out of dynamic memory in yylex()" );
| 
| 		if ( ! (yy_start) )
| 			(yy_start) = 1;	/* first start state */
| 
| 		if ( ! yyin )
| 			yyin = stdin;
| 
| 		if ( ! yyout )
| 			yyout = stdout;
| 
| 		if ( ! YY_CURRENT_BUFFER ) {
| 			yyensure_buffer_stack ();
| 			YY_CURRENT_BUFFER_LVALUE =
| 				yy_create_buffer(yyin,YY_BUF_SIZE );
| 		}
| 
| 		yy_load_buffer_state( );
| 		}
| 
| 	while ( 1 )		/* loops until end-of-file is reached */
| 		{
| 		(yy_more_len) = 0;
| 		if ( (yy_more_flag) )
| 			{
| 			(yy_more_len) = (yy_c_buf_p) - (yytext_ptr);
| 			(yy_more_flag) = 0;
| 			}
| 		yy_cp = (yy_c_buf_p);
| 
| 		/* Support of yytext. */
| 		*yy_cp = (yy_hold_char);
| 
| 		/* yy_bp points to the position in yy_ch_buf of the start of
| 		 * the current run.
| 		 */
| 		yy_bp = yy_cp;
| 
| 		yy_current_state = (yy_start);
| 
| 		(yy_state_ptr) = (yy_state_buf);
| 		*(yy_state_ptr)++ = yy_current_state;
| 
| yy_match:
| 		do
| 			{
| 			register YY_CHAR yy_c = yy_ec[YY_SC_TO_UI(*yy_cp)];
| 			while ( yy_chk[yy_base[yy_current_state] + yy_c] != yy_current_state )
| 				{
| 				yy_current_state = (int) yy_def[yy_current_state];
| 				if ( yy_current_state >= 13 )
| 					yy_c = yy_meta[(unsigned int) yy_c];
| 				}
| 			yy_current_state = yy_nxt[yy_base[yy_current_state] + (unsigned int) yy_c];
| 			*(yy_state_ptr)++ = yy_current_state;
| 			++yy_cp;
| 			}
| 		while ( yy_base[yy_current_state] != 10 );
| 
| yy_find_action:
| 		yy_current_state = *--(yy_state_ptr);
| 		(yy_lp) = yy_accept[yy_current_state];
| find_rule: /* we branch to this label when backing up */
| 		for ( ; ; ) /* until we find what rule we matched */
| 			{
| 			if ( (yy_lp) && (yy_lp) < yy_accept[yy_current_state + 1] )
| 				{
| 				yy_act = yy_acclist[(yy_lp)];
| 					{
| 					(yy_full_match) = yy_cp;
| 					break;
| 					}
| 				}
| 			--yy_cp;
| 			yy_current_state = *--(yy_state_ptr);
| 			(yy_lp) = yy_accept[yy_current_state];
| 			}
| 
| 		YY_DO_BEFORE_ACTION;
| 
| do_action:	/* This label is used only to access EOF actions. */
| 
| 		switch ( yy_act )
| 	{ /* beginning of action switch */
| case 1:
| YY_RULE_SETUP
| #line 2 "conftest.l"
| { ECHO; }
| 	YY_BREAK
| case 2:
| YY_RULE_SETUP
| #line 3 "conftest.l"
| { REJECT; }
| 	YY_BREAK
| case 3:
| YY_RULE_SETUP
| #line 4 "conftest.l"
| { yymore (); }
| 	YY_BREAK
| case 4:
| YY_RULE_SETUP
| #line 5 "conftest.l"
| { yyless (1); }
| 	YY_BREAK
| case 5:
| YY_RULE_SETUP
| #line 6 "conftest.l"
| { yyless (input () != 0); }
| 	YY_BREAK
| case 6:
| YY_RULE_SETUP
| #line 7 "conftest.l"
| { unput (yytext[0]); }
| 	YY_BREAK
| case 7:
| YY_RULE_SETUP
| #line 8 "conftest.l"
| { BEGIN INITIAL; }
| 	YY_BREAK
| case 8:
| YY_RULE_SETUP
| #line 9 "conftest.l"
| ECHO;
| 	YY_BREAK
| #line 791 "lex.yy.c"
| 			case YY_STATE_EOF(INITIAL):
| 				yyterminate();
| 
| 	case YY_END_OF_BUFFER:
| 		{
| 		/* Amount of text matched not including the EOB char. */
| 		int yy_amount_of_matched_text = (int) (yy_cp - (yytext_ptr)) - 1;
| 
| 		/* Undo the effects of YY_DO_BEFORE_ACTION. */
| 		*yy_cp = (yy_hold_char);
| 		YY_RESTORE_YY_MORE_OFFSET
| 
| 		if ( YY_CURRENT_BUFFER_LVALUE->yy_buffer_status == YY_BUFFER_NEW )
| 			{
| 			/* We're scanning a new file or input source.  It's
| 			 * possible that this happened because the user
| 			 * just pointed yyin at a new source and called
| 			 * yylex().  If so, then we have to assure
| 			 * consistency between YY_CURRENT_BUFFER and our
| 			 * globals.  Here is the right place to do so, because
| 			 * this is the first action (other than possibly a
| 			 * back-up) that will match for the new input source.
| 			 */
| 			(yy_n_chars) = YY_CURRENT_BUFFER_LVALUE->yy_n_chars;
| 			YY_CURRENT_BUFFER_LVALUE->yy_input_file = yyin;
| 			YY_CURRENT_BUFFER_LVALUE->yy_buffer_status = YY_BUFFER_NORMAL;
| 			}
| 
| 		/* Note that here we test for yy_c_buf_p "<=" to the position
| 		 * of the first EOB in the buffer, since yy_c_buf_p will
| 		 * already have been incremented past the NUL character
| 		 * (since all states make transitions on EOB to the
| 		 * end-of-buffer state).  Contrast this with the test
| 		 * in input().
| 		 */
| 		if ( (yy_c_buf_p) <= &YY_CURRENT_BUFFER_LVALUE->yy_ch_buf[(yy_n_chars)] )
| 			{ /* This was really a NUL. */
| 			yy_state_type yy_next_state;
| 
| 			(yy_c_buf_p) = (yytext_ptr) + yy_amount_of_matched_text;
| 
| 			yy_current_state = yy_get_previous_state(  );
| 
| 			/* Okay, we're now positioned to make the NUL
| 			 * transition.  We couldn't have
| 			 * yy_get_previous_state() go ahead and do it
| 			 * for us because it doesn't know how to deal
| 			 * with the possibility of jamming (and we don't
| 			 * want to build jamming into it because then it
| 			 * will run more slowly).
| 			 */
| 
| 			yy_next_state = yy_try_NUL_trans( yy_current_state );
| 
| 			yy_bp = (yytext_ptr) + YY_MORE_ADJ;
| 
| 			if ( yy_next_state )
| 				{
| 				/* Consume the NUL. */
| 				yy_cp = ++(yy_c_buf_p);
| 				yy_current_state = yy_next_state;
| 				goto yy_match;
| 				}
| 
| 			else
| 				{
| 				yy_cp = (yy_c_buf_p);
| 				goto yy_find_action;
| 				}
| 			}
| 
| 		else switch ( yy_get_next_buffer(  ) )
| 			{
| 			case EOB_ACT_END_OF_FILE:
| 				{
| 				(yy_did_buffer_switch_on_eof) = 0;
| 
| 				if ( yywrap( ) )
| 					{
| 					/* Note: because we've taken care in
| 					 * yy_get_next_buffer() to have set up
| 					 * yytext, we can now set up
| 					 * yy_c_buf_p so that if some total
| 					 * hoser (like flex itself) wants to
| 					 * call the scanner after we return the
| 					 * YY_NULL, it'll still work - another
| 					 * YY_NULL will get returned.
| 					 */
| 					(yy_c_buf_p) = (yytext_ptr) + YY_MORE_ADJ;
| 
| 					yy_act = YY_STATE_EOF(YY_START);
| 					goto do_action;
| 					}
| 
| 				else
| 					{
| 					if ( ! (yy_did_buffer_switch_on_eof) )
| 						YY_NEW_FILE;
| 					}
| 				break;
| 				}
| 
| 			case EOB_ACT_CONTINUE_SCAN:
| 				(yy_c_buf_p) =
| 					(yytext_ptr) + yy_amount_of_matched_text;
| 
| 				yy_current_state = yy_get_previous_state(  );
| 
| 				yy_cp = (yy_c_buf_p);
| 				yy_bp = (yytext_ptr) + YY_MORE_ADJ;
| 				goto yy_match;
| 
| 			case EOB_ACT_LAST_MATCH:
| 				(yy_c_buf_p) =
| 				&YY_CURRENT_BUFFER_LVALUE->yy_ch_buf[(yy_n_chars)];
| 
| 				yy_current_state = yy_get_previous_state(  );
| 
| 				yy_cp = (yy_c_buf_p);
| 				yy_bp = (yytext_ptr) + YY_MORE_ADJ;
| 				goto yy_find_action;
| 			}
| 		break;
| 		}
| 
| 	default:
| 		YY_FATAL_ERROR(
| 			"fatal flex scanner internal error--no action found" );
| 	} /* end of action switch */
| 		} /* end of scanning one token */
| } /* end of yylex */
| 
| /* yy_get_next_buffer - try to read in a new buffer
|  *
|  * Returns a code representing an action:
|  *	EOB_ACT_LAST_MATCH -
|  *	EOB_ACT_CONTINUE_SCAN - continue scanning from current position
|  *	EOB_ACT_END_OF_FILE - end of file
|  */
| static int yy_get_next_buffer (void)
| {
|     	register char *dest = YY_CURRENT_BUFFER_LVALUE->yy_ch_buf;
| 	register char *source = (yytext_ptr);
| 	register int number_to_move, i;
| 	int ret_val;
| 
| 	if ( (yy_c_buf_p) > &YY_CURRENT_BUFFER_LVALUE->yy_ch_buf[(yy_n_chars) + 1] )
| 		YY_FATAL_ERROR(
| 		"fatal flex scanner internal error--end of buffer missed" );
| 
| 	if ( YY_CURRENT_BUFFER_LVALUE->yy_fill_buffer == 0 )
| 		{ /* Don't try to fill the buffer, so this is an EOF. */
| 		if ( (yy_c_buf_p) - (yytext_ptr) - YY_MORE_ADJ == 1 )
| 			{
| 			/* We matched a single character, the EOB, so
| 			 * treat this as a final EOF.
| 			 */
| 			return EOB_ACT_END_OF_FILE;
| 			}
| 
| 		else
| 			{
| 			/* We matched some text prior to the EOB, first
| 			 * process it.
| 			 */
| 			return EOB_ACT_LAST_MATCH;
| 			}
| 		}
| 
| 	/* Try to read more data. */
| 
| 	/* First move last chars to start of buffer. */
| 	number_to_move = (int) ((yy_c_buf_p) - (yytext_ptr)) - 1;
| 
| 	for ( i = 0; i < number_to_move; ++i )
| 		*(dest++) = *(source++);
| 
| 	if ( YY_CURRENT_BUFFER_LVALUE->yy_buffer_status == YY_BUFFER_EOF_PENDING )
| 		/* don't do the read, it's not guaranteed to return an EOF,
| 		 * just force an EOF
| 		 */
| 		YY_CURRENT_BUFFER_LVALUE->yy_n_chars = (yy_n_chars) = 0;
| 
| 	else
| 		{
| 			yy_size_t num_to_read =
| 			YY_CURRENT_BUFFER_LVALUE->yy_buf_size - number_to_move - 1;
| 
| 		while ( num_to_read <= 0 )
| 			{ /* Not enough room in the buffer - grow it. */
| 
| 			YY_FATAL_ERROR(
| "input buffer overflow, can't enlarge buffer because scanner uses REJECT" );
| 
| 			}
| 
| 		if ( num_to_read > YY_READ_BUF_SIZE )
| 			num_to_read = YY_READ_BUF_SIZE;
| 
| 		/* Read in more data. */
| 		YY_INPUT( (&YY_CURRENT_BUFFER_LVALUE->yy_ch_buf[number_to_move]),
| 			(yy_n_chars), num_to_read );
| 
| 		YY_CURRENT_BUFFER_LVALUE->yy_n_chars = (yy_n_chars);
| 		}
| 
| 	if ( (yy_n_chars) == 0 )
| 		{
| 		if ( number_to_move == YY_MORE_ADJ )
| 			{
| 			ret_val = EOB_ACT_END_OF_FILE;
| 			yyrestart(yyin  );
| 			}
| 
| 		else
| 			{
| 			ret_val = EOB_ACT_LAST_MATCH;
| 			YY_CURRENT_BUFFER_LVALUE->yy_buffer_status =
| 				YY_BUFFER_EOF_PENDING;
| 			}
| 		}
| 
| 	else
| 		ret_val = EOB_ACT_CONTINUE_SCAN;
| 
| 	if ((yy_size_t) ((yy_n_chars) + number_to_move) > YY_CURRENT_BUFFER_LVALUE->yy_buf_size) {
| 		/* Extend the array by 50%, plus the number we really need. */
| 		yy_size_t new_size = (yy_n_chars) + number_to_move + ((yy_n_chars) >> 1);
| 		YY_CURRENT_BUFFER_LVALUE->yy_ch_buf = (char *) yyrealloc((void *) YY_CURRENT_BUFFER_LVALUE->yy_ch_buf,new_size  );
| 		if ( ! YY_CURRENT_BUFFER_LVALUE->yy_ch_buf )
| 			YY_FATAL_ERROR( "out of dynamic memory in yy_get_next_buffer()" );
| 	}
| 
| 	(yy_n_chars) += number_to_move;
| 	YY_CURRENT_BUFFER_LVALUE->yy_ch_buf[(yy_n_chars)] = YY_END_OF_BUFFER_CHAR;
| 	YY_CURRENT_BUFFER_LVALUE->yy_ch_buf[(yy_n_chars) + 1] = YY_END_OF_BUFFER_CHAR;
| 
| 	(yytext_ptr) = &YY_CURRENT_BUFFER_LVALUE->yy_ch_buf[0];
| 
| 	return ret_val;
| }
| 
| /* yy_get_previous_state - get the state just before the EOB char was reached */
| 
|     static yy_state_type yy_get_previous_state (void)
| {
| 	register yy_state_type yy_current_state;
| 	register char *yy_cp;
|     
| 	yy_current_state = (yy_start);
| 
| 	(yy_state_ptr) = (yy_state_buf);
| 	*(yy_state_ptr)++ = yy_current_state;
| 
| 	for ( yy_cp = (yytext_ptr) + YY_MORE_ADJ; yy_cp < (yy_c_buf_p); ++yy_cp )
| 		{
| 		register YY_CHAR yy_c = (*yy_cp ? yy_ec[YY_SC_TO_UI(*yy_cp)] : 1);
| 		while ( yy_chk[yy_base[yy_current_state] + yy_c] != yy_current_state )
| 			{
| 			yy_current_state = (int) yy_def[yy_current_state];
| 			if ( yy_current_state >= 13 )
| 				yy_c = yy_meta[(unsigned int) yy_c];
| 			}
| 		yy_current_state = yy_nxt[yy_base[yy_current_state] + (unsigned int) yy_c];
| 		*(yy_state_ptr)++ = yy_current_state;
| 		}
| 
| 	return yy_current_state;
| }
| 
| /* yy_try_NUL_trans - try to make a transition on the NUL character
|  *
|  * synopsis
|  *	next_state = yy_try_NUL_trans( current_state );
|  */
|     static yy_state_type yy_try_NUL_trans  (yy_state_type yy_current_state )
| {
| 	register int yy_is_jam;
|     
| 	register YY_CHAR yy_c = 1;
| 	while ( yy_chk[yy_base[yy_current_state] + yy_c] != yy_current_state )
| 		{
| 		yy_current_state = (int) yy_def[yy_current_state];
| 		if ( yy_current_state >= 13 )
| 			yy_c = yy_meta[(unsigned int) yy_c];
| 		}
| 	yy_current_state = yy_nxt[yy_base[yy_current_state] + (unsigned int) yy_c];
| 	yy_is_jam = (yy_current_state == 12);
| 	if ( ! yy_is_jam )
| 		*(yy_state_ptr)++ = yy_current_state;
| 
| 		return yy_is_jam ? 0 : yy_current_state;
| }
| 
|     static void yyunput (int c, register char * yy_bp )
| {
| 	register char *yy_cp;
|     
|     yy_cp = (yy_c_buf_p);
| 
| 	/* undo effects of setting up yytext */
| 	*yy_cp = (yy_hold_char);
| 
| 	if ( yy_cp < YY_CURRENT_BUFFER_LVALUE->yy_ch_buf + 2 )
| 		{ /* need to shift things up to make room */
| 		/* +2 for EOB chars. */
| 		register yy_size_t number_to_move = (yy_n_chars) + 2;
| 		register char *dest = &YY_CURRENT_BUFFER_LVALUE->yy_ch_buf[
| 					YY_CURRENT_BUFFER_LVALUE->yy_buf_size + 2];
| 		register char *source =
| 				&YY_CURRENT_BUFFER_LVALUE->yy_ch_buf[number_to_move];
| 
| 		while ( source > YY_CURRENT_BUFFER_LVALUE->yy_ch_buf )
| 			*--dest = *--source;
| 
| 		yy_cp += (int) (dest - source);
| 		yy_bp += (int) (dest - source);
| 		YY_CURRENT_BUFFER_LVALUE->yy_n_chars =
| 			(yy_n_chars) = YY_CURRENT_BUFFER_LVALUE->yy_buf_size;
| 
| 		if ( yy_cp < YY_CURRENT_BUFFER_LVALUE->yy_ch_buf + 2 )
| 			YY_FATAL_ERROR( "flex scanner push-back overflow" );
| 		}
| 
| 	*--yy_cp = (char) c;
| 
| 	(yytext_ptr) = yy_bp;
| 	(yy_hold_char) = *yy_cp;
| 	(yy_c_buf_p) = yy_cp;
| }
| 
| #ifndef YY_NO_INPUT
| #ifdef __cplusplus
|     static int yyinput (void)
| #else
|     static int input  (void)
| #endif
| 
| {
| 	int c;
|     
| 	*(yy_c_buf_p) = (yy_hold_char);
| 
| 	if ( *(yy_c_buf_p) == YY_END_OF_BUFFER_CHAR )
| 		{
| 		/* yy_c_buf_p now points to the character we want to return.
| 		 * If this occurs *before* the EOB characters, then it's a
| 		 * valid NUL; if not, then we've hit the end of the buffer.
| 		 */
| 		if ( (yy_c_buf_p) < &YY_CURRENT_BUFFER_LVALUE->yy_ch_buf[(yy_n_chars)] )
| 			/* This was really a NUL. */
| 			*(yy_c_buf_p) = '\0';
| 
| 		else
| 			{ /* need more input */
| 			yy_size_t offset = (yy_c_buf_p) - (yytext_ptr);
| 			++(yy_c_buf_p);
| 
| 			switch ( yy_get_next_buffer(  ) )
| 				{
| 				case EOB_ACT_LAST_MATCH:
| 					/* This happens because yy_g_n_b()
| 					 * sees that we've accumulated a
| 					 * token and flags that we need to
| 					 * try matching the token before
| 					 * proceeding.  But for input(),
| 					 * there's no matching to consider.
| 					 * So convert the EOB_ACT_LAST_MATCH
| 					 * to EOB_ACT_END_OF_FILE.
| 					 */
| 
| 					/* Reset buffer status. */
| 					yyrestart(yyin );
| 
| 					/*FALLTHROUGH*/
| 
| 				case EOB_ACT_END_OF_FILE:
| 					{
| 					if ( yywrap( ) )
| 						return EOF;
| 
| 					if ( ! (yy_did_buffer_switch_on_eof) )
| 						YY_NEW_FILE;
| #ifdef __cplusplus
| 					return yyinput();
| #else
| 					return input();
| #endif
| 					}
| 
| 				case EOB_ACT_CONTINUE_SCAN:
| 					(yy_c_buf_p) = (yytext_ptr) + offset;
| 					break;
| 				}
| 			}
| 		}
| 
| 	c = *(unsigned char *) (yy_c_buf_p);	/* cast for 8-bit char's */
| 	*(yy_c_buf_p) = '\0';	/* preserve yytext */
| 	(yy_hold_char) = *++(yy_c_buf_p);
| 
| 	return c;
| }
| #endif	/* ifndef YY_NO_INPUT */
| 
| /** Immediately switch to a different input stream.
|  * @param input_file A readable stream.
|  * 
|  * @note This function does not reset the start condition to @c INITIAL .
|  */
|     void yyrestart  (FILE * input_file )
| {
|     
| 	if ( ! YY_CURRENT_BUFFER ){
|         yyensure_buffer_stack ();
| 		YY_CURRENT_BUFFER_LVALUE =
|             yy_create_buffer(yyin,YY_BUF_SIZE );
| 	}
| 
| 	yy_init_buffer(YY_CURRENT_BUFFER,input_file );
| 	yy_load_buffer_state( );
| }
| 
| /** Switch to a different input buffer.
|  * @param new_buffer The new input buffer.
|  * 
|  */
|     void yy_switch_to_buffer  (YY_BUFFER_STATE  new_buffer )
| {
|     
| 	/* TODO. We should be able to replace this entire function body
| 	 * with
| 	 *		yypop_buffer_state();
| 	 *		yypush_buffer_state(new_buffer);
|      */
| 	yyensure_buffer_stack ();
| 	if ( YY_CURRENT_BUFFER == new_buffer )
| 		return;
| 
| 	if ( YY_CURRENT_BUFFER )
| 		{
| 		/* Flush out information for old buffer. */
| 		*(yy_c_buf_p) = (yy_hold_char);
| 		YY_CURRENT_BUFFER_LVALUE->yy_buf_pos = (yy_c_buf_p);
| 		YY_CURRENT_BUFFER_LVALUE->yy_n_chars = (yy_n_chars);
| 		}
| 
| 	YY_CURRENT_BUFFER_LVALUE = new_buffer;
| 	yy_load_buffer_state( );
| 
| 	/* We don't actually know whether we did this switch during
| 	 * EOF (yywrap()) processing, but the only time this flag
| 	 * is looked at is after yywrap() is called, so it's safe
| 	 * to go ahead and always set it.
| 	 */
| 	(yy_did_buffer_switch_on_eof) = 1;
| }
| 
| static void yy_load_buffer_state  (void)
| {
|     	(yy_n_chars) = YY_CURRENT_BUFFER_LVALUE->yy_n_chars;
| 	(yytext_ptr) = (yy_c_buf_p) = YY_CURRENT_BUFFER_LVALUE->yy_buf_pos;
| 	yyin = YY_CURRENT_BUFFER_LVALUE->yy_input_file;
| 	(yy_hold_char) = *(yy_c_buf_p);
| }
| 
| /** Allocate and initialize an input buffer state.
|  * @param file A readable stream.
|  * @param size The character buffer size in bytes. When in doubt, use @c YY_BUF_SIZE.
|  * 
|  * @return the allocated buffer state.
|  */
|     YY_BUFFER_STATE yy_create_buffer  (FILE * file, int  size )
| {
| 	YY_BUFFER_STATE b;
|     
| 	b = (YY_BUFFER_STATE) yyalloc(sizeof( struct yy_buffer_state )  );
| 	if ( ! b )
| 		YY_FATAL_ERROR( "out of dynamic memory in yy_create_buffer()" );
| 
| 	b->yy_buf_size = size;
| 
| 	/* yy_ch_buf has to be 2 characters longer than the size given because
| 	 * we need to put in 2 end-of-buffer characters.
| 	 */
| 	b->yy_ch_buf = (char *) yyalloc(b->yy_buf_size + 2  );
| 	if ( ! b->yy_ch_buf )
| 		YY_FATAL_ERROR( "out of dynamic memory in yy_create_buffer()" );
| 
| 	b->yy_is_our_buffer = 1;
| 
| 	yy_init_buffer(b,file );
| 
| 	return b;
| }
| 
| /** Destroy the buffer.
|  * @param b a buffer created with yy_create_buffer()
|  * 
|  */
|     void yy_delete_buffer (YY_BUFFER_STATE  b )
| {
|     
| 	if ( ! b )
| 		return;
| 
| 	if ( b == YY_CURRENT_BUFFER ) /* Not sure if we should pop here. */
| 		YY_CURRENT_BUFFER_LVALUE = (YY_BUFFER_STATE) 0;
| 
| 	if ( b->yy_is_our_buffer )
| 		yyfree((void *) b->yy_ch_buf  );
| 
| 	yyfree((void *) b  );
| }
| 
| /* Initializes or reinitializes a buffer.
|  * This function is sometimes called more than once on the same buffer,
|  * such as during a yyrestart() or at EOF.
|  */
|     static void yy_init_buffer  (YY_BUFFER_STATE  b, FILE * file )
| 
| {
| 	int oerrno = errno;
|     
| 	yy_flush_buffer(b );
| 
| 	b->yy_input_file = file;
| 	b->yy_fill_buffer = 1;
| 
|     /* If b is the current buffer, then yy_init_buffer was _probably_
|      * called from yyrestart() or through yy_get_next_buffer.
|      * In that case, we don't want to reset the lineno or column.
|      */
|     if (b != YY_CURRENT_BUFFER){
|         b->yy_bs_lineno = 1;
|         b->yy_bs_column = 0;
|     }
| 
|         b->yy_is_interactive = file ? (isatty( fileno(file) ) > 0) : 0;
|     
| 	errno = oerrno;
| }
| 
| /** Discard all buffered characters. On the next scan, YY_INPUT will be called.
|  * @param b the buffer state to be flushed, usually @c YY_CURRENT_BUFFER.
|  * 
|  */
|     void yy_flush_buffer (YY_BUFFER_STATE  b )
| {
|     	if ( ! b )
| 		return;
| 
| 	b->yy_n_chars = 0;
| 
| 	/* We always need two end-of-buffer characters.  The first causes
| 	 * a transition to the end-of-buffer state.  The second causes
| 	 * a jam in that state.
| 	 */
| 	b->yy_ch_buf[0] = YY_END_OF_BUFFER_CHAR;
| 	b->yy_ch_buf[1] = YY_END_OF_BUFFER_CHAR;
| 
| 	b->yy_buf_pos = &b->yy_ch_buf[0];
| 
| 	b->yy_at_bol = 1;
| 	b->yy_buffer_status = YY_BUFFER_NEW;
| 
| 	if ( b == YY_CURRENT_BUFFER )
| 		yy_load_buffer_state( );
| }
| 
| /** Pushes the new state onto the stack. The new state becomes
|  *  the current state. This function will allocate the stack
|  *  if necessary.
|  *  @param new_buffer The new state.
|  *  
|  */
| void yypush_buffer_state (YY_BUFFER_STATE new_buffer )
| {
|     	if (new_buffer == NULL)
| 		return;
| 
| 	yyensure_buffer_stack();
| 
| 	/* This block is copied from yy_switch_to_buffer. */
| 	if ( YY_CURRENT_BUFFER )
| 		{
| 		/* Flush out information for old buffer. */
| 		*(yy_c_buf_p) = (yy_hold_char);
| 		YY_CURRENT_BUFFER_LVALUE->yy_buf_pos = (yy_c_buf_p);
| 		YY_CURRENT_BUFFER_LVALUE->yy_n_chars = (yy_n_chars);
| 		}
| 
| 	/* Only push if top exists. Otherwise, replace top. */
| 	if (YY_CURRENT_BUFFER)
| 		(yy_buffer_stack_top)++;
| 	YY_CURRENT_BUFFER_LVALUE = new_buffer;
| 
| 	/* copied from yy_switch_to_buffer. */
| 	yy_load_buffer_state( );
| 	(yy_did_buffer_switch_on_eof) = 1;
| }
| 
| /** Removes and deletes the top of the stack, if present.
|  *  The next element becomes the new top.
|  *  
|  */
| void yypop_buffer_state (void)
| {
|     	if (!YY_CURRENT_BUFFER)
| 		return;
| 
| 	yy_delete_buffer(YY_CURRENT_BUFFER );
| 	YY_CURRENT_BUFFER_LVALUE = NULL;
| 	if ((yy_buffer_stack_top) > 0)
| 		--(yy_buffer_stack_top);
| 
| 	if (YY_CURRENT_BUFFER) {
| 		yy_load_buffer_state( );
| 		(yy_did_buffer_switch_on_eof) = 1;
| 	}
| }
| 
| /* Allocates the stack if it does not exist.
|  *  Guarantees space for at least one push.
|  */
| static void yyensure_buffer_stack (void)
| {
| 	yy_size_t num_to_alloc;
|     
| 	if (!(yy_buffer_stack)) {
| 
| 		/* First allocation is just for 2 elements, since we don't know if this
| 		 * scanner will even need a stack. We use 2 instead of 1 to avoid an
| 		 * immediate realloc on the next call.
|          */
| 		num_to_alloc = 1;
| 		(yy_buffer_stack) = (struct yy_buffer_state**)yyalloc
| 								(num_to_alloc * sizeof(struct yy_buffer_state*)
| 								);
| 		if ( ! (yy_buffer_stack) )
| 			YY_FATAL_ERROR( "out of dynamic memory in yyensure_buffer_stack()" );
| 								  
| 		memset((yy_buffer_stack), 0, num_to_alloc * sizeof(struct yy_buffer_state*));
| 				
| 		(yy_buffer_stack_max) = num_to_alloc;
| 		(yy_buffer_stack_top) = 0;
| 		return;
| 	}
| 
| 	if ((yy_buffer_stack_top) >= ((yy_buffer_stack_max)) - 1){
| 
| 		/* Increase the buffer to prepare for a possible push. */
| 		int grow_size = 8 /* arbitrary grow size */;
| 
| 		num_to_alloc = (yy_buffer_stack_max) + grow_size;
| 		(yy_buffer_stack) = (struct yy_buffer_state**)yyrealloc
| 								((yy_buffer_stack),
| 								num_to_alloc * sizeof(struct yy_buffer_state*)
| 								);
| 		if ( ! (yy_buffer_stack) )
| 			YY_FATAL_ERROR( "out of dynamic memory in yyensure_buffer_stack()" );
| 
| 		/* zero only the new slots.*/
| 		memset((yy_buffer_stack) + (yy_buffer_stack_max), 0, grow_size * sizeof(struct yy_buffer_state*));
| 		(yy_buffer_stack_max) = num_to_alloc;
| 	}
| }
| 
| /** Setup the input buffer state to scan directly from a user-specified character buffer.
|  * @param base the character buffer
|  * @param size the size in bytes of the character buffer
|  * 
|  * @return the newly allocated buffer state object. 
|  */
| YY_BUFFER_STATE yy_scan_buffer  (char * base, yy_size_t  size )
| {
| 	YY_BUFFER_STATE b;
|     
| 	if ( size < 2 ||
| 	     base[size-2] != YY_END_OF_BUFFER_CHAR ||
| 	     base[size-1] != YY_END_OF_BUFFER_CHAR )
| 		/* They forgot to leave room for the EOB's. */
| 		return 0;
| 
| 	b = (YY_BUFFER_STATE) yyalloc(sizeof( struct yy_buffer_state )  );
| 	if ( ! b )
| 		YY_FATAL_ERROR( "out of dynamic memory in yy_scan_buffer()" );
| 
| 	b->yy_buf_size = size - 2;	/* "- 2" to take care of EOB's */
| 	b->yy_buf_pos = b->yy_ch_buf = base;
| 	b->yy_is_our_buffer = 0;
| 	b->yy_input_file = 0;
| 	b->yy_n_chars = b->yy_buf_size;
| 	b->yy_is_interactive = 0;
| 	b->yy_at_bol = 1;
| 	b->yy_fill_buffer = 0;
| 	b->yy_buffer_status = YY_BUFFER_NEW;
| 
| 	yy_switch_to_buffer(b  );
| 
| 	return b;
| }
| 
| /** Setup the input buffer state to scan a string. The next call to yylex() will
|  * scan from a @e copy of @a str.
|  * @param yystr a NUL-terminated string to scan
|  * 
|  * @return the newly allocated buffer state object.
|  * @note If you want to scan bytes that may contain NUL values, then use
|  *       yy_scan_bytes() instead.
|  */
| YY_BUFFER_STATE yy_scan_string (yyconst char * yystr )
| {
|     
| 	return yy_scan_bytes(yystr,strlen(yystr) );
| }
| 
| /** Setup the input buffer state to scan the given bytes. The next call to yylex() will
|  * scan from a @e copy of @a bytes.
|  * @param yybytes the byte buffer to scan
|  * @param _yybytes_len the number of bytes in the buffer pointed to by @a bytes.
|  * 
|  * @return the newly allocated buffer state object.
|  */
| YY_BUFFER_STATE yy_scan_bytes  (yyconst char * yybytes, yy_size_t  _yybytes_len )
| {
| 	YY_BUFFER_STATE b;
| 	char *buf;
| 	yy_size_t n;
| 	int i;
|     
| 	/* Get memory for full buffer, including space for trailing EOB's. */
| 	n = _yybytes_len + 2;
| 	buf = (char *) yyalloc(n  );
| 	if ( ! buf )
| 		YY_FATAL_ERROR( "out of dynamic memory in yy_scan_bytes()" );
| 
| 	for ( i = 0; i < _yybytes_len; ++i )
| 		buf[i] = yybytes[i];
| 
| 	buf[_yybytes_len] = buf[_yybytes_len+1] = YY_END_OF_BUFFER_CHAR;
| 
| 	b = yy_scan_buffer(buf,n );
| 	if ( ! b )
| 		YY_FATAL_ERROR( "bad buffer in yy_scan_bytes()" );
| 
| 	/* It's okay to grow etc. this buffer, and we should throw it
| 	 * away when we're done.
| 	 */
| 	b->yy_is_our_buffer = 1;
| 
| 	return b;
| }
| 
| #ifndef YY_EXIT_FAILURE
| #define YY_EXIT_FAILURE 2
| #endif
| 
| static void yy_fatal_error (yyconst char* msg )
| {
|     	(void) fprintf( stderr, "%s\n", msg );
| 	exit( YY_EXIT_FAILURE );
| }
| 
| /* Redefine yyless() so it works in section 3 code. */
| 
| #undef yyless
| #define yyless(n) \
| 	do \
| 		{ \
| 		/* Undo effects of setting up yytext. */ \
|         int yyless_macro_arg = (n); \
|         YY_LESS_LINENO(yyless_macro_arg);\
| 		yytext[yyleng] = (yy_hold_char); \
| 		(yy_c_buf_p) = yytext + yyless_macro_arg; \
| 		(yy_hold_char) = *(yy_c_buf_p); \
| 		*(yy_c_buf_p) = '\0'; \
| 		yyleng = yyless_macro_arg; \
| 		} \
| 	while ( 0 )
| 
| /* Accessor  methods (get/set functions) to struct members. */
| 
| /** Get the current line number.
|  * 
|  */
| int yyget_lineno  (void)
| {
|         
|     return yylineno;
| }
| 
| /** Get the input stream.
|  * 
|  */
| FILE *yyget_in  (void)
| {
|         return yyin;
| }
| 
| /** Get the output stream.
|  * 
|  */
| FILE *yyget_out  (void)
| {
|         return yyout;
| }
| 
| /** Get the length of the current token.
|  * 
|  */
| yy_size_t yyget_leng  (void)
| {
|         return yyleng;
| }
| 
| /** Get the current token.
|  * 
|  */
| 
| char *yyget_text  (void)
| {
|         return yytext;
| }
| 
| /** Set the current line number.
|  * @param line_number
|  * 
|  */
| void yyset_lineno (int  line_number )
| {
|     
|     yylineno = line_number;
| }
| 
| /** Set the input stream. This does not discard the current
|  * input buffer.
|  * @param in_str A readable stream.
|  * 
|  * @see yy_switch_to_buffer
|  */
| void yyset_in (FILE *  in_str )
| {
|         yyin = in_str ;
| }
| 
| void yyset_out (FILE *  out_str )
| {
|         yyout = out_str ;
| }
| 
| int yyget_debug  (void)
| {
|         return yy_flex_debug;
| }
| 
| void yyset_debug (int  bdebug )
| {
|         yy_flex_debug = bdebug ;
| }
| 
| static int yy_init_globals (void)
| {
|         /* Initialization is the same as for the non-reentrant scanner.
|      * This function is called from yylex_destroy(), so don't allocate here.
|      */
| 
|     (yy_buffer_stack) = 0;
|     (yy_buffer_stack_top) = 0;
|     (yy_buffer_stack_max) = 0;
|     (yy_c_buf_p) = (char *) 0;
|     (yy_init) = 0;
|     (yy_start) = 0;
| 
|     (yy_state_buf) = 0;
|     (yy_state_ptr) = 0;
|     (yy_full_match) = 0;
|     (yy_lp) = 0;
| 
| /* Defined in main.c */
| #ifdef YY_STDINIT
|     yyin = stdin;
|     yyout = stdout;
| #else
|     yyin = (FILE *) 0;
|     yyout = (FILE *) 0;
| #endif
| 
|     /* For future reference: Set errno on error, since we are called by
|      * yylex_init()
|      */
|     return 0;
| }
| 
| /* yylex_destroy is for both reentrant and non-reentrant scanners. */
| int yylex_destroy  (void)
| {
|     
|     /* Pop the buffer stack, destroying each element. */
| 	while(YY_CURRENT_BUFFER){
| 		yy_delete_buffer(YY_CURRENT_BUFFER  );
| 		YY_CURRENT_BUFFER_LVALUE = NULL;
| 		yypop_buffer_state();
| 	}
| 
| 	/* Destroy the stack itself. */
| 	yyfree((yy_buffer_stack) );
| 	(yy_buffer_stack) = NULL;
| 
|     yyfree ( (yy_state_buf) );
|     (yy_state_buf)  = NULL;
| 
|     /* Reset the globals. This is important in a non-reentrant scanner so the next time
|      * yylex() is called, initialization will occur. */
|     yy_init_globals( );
| 
|     return 0;
| }
| 
| /*
|  * Internal utility routines.
|  */
| 
| #ifndef yytext_ptr
| static void yy_flex_strncpy (char* s1, yyconst char * s2, int n )
| {
| 	register int i;
| 	for ( i = 0; i < n; ++i )
| 		s1[i] = s2[i];
| }
| #endif
| 
| #ifdef YY_NEED_STRLEN
| static int yy_flex_strlen (yyconst char * s )
| {
| 	register int n;
| 	for ( n = 0; s[n]; ++n )
| 		;
| 
| 	return n;
| }
| #endif
| 
| void *yyalloc (yy_size_t  size )
| {
| 	return (void *) malloc( size );
| }
| 
| void *yyrealloc  (void * ptr, yy_size_t  size )
| {
| 	/* The cast to (char *) in the following accommodates both
| 	 * implementations that use char* generic pointers, and those
| 	 * that use void* generic pointers.  It works with the latter
| 	 * because both ANSI C and C++ allow castless assignment from
| 	 * any pointer type to void*, and deal with argument conversions
| 	 * as though doing an assignment.
| 	 */
| 	return (void *) realloc( (char *) ptr, size );
| }
| 
| void yyfree (void * ptr )
| {
| 	free( (char *) ptr );	/* see yyrealloc() for (char *) cast */
| }
| 
| #define YYTABLES_NAME "yytables"
| 
| #line 9 "conftest.l"
| 
| 
| #ifdef YYTEXT_POINTER
| extern char *yytext;
| #endif
| int
| main (void)
| {
|   return ! yylex () + ! yywrap ();
| }
configure:4149: gcc -o conftest -g -O2   conftest.c -lfl  >&5
configure:4149: $? = 0
configure:4159: result: -lfl
configure:4165: checking whether yytext is a pointer
configure:4181: gcc -o conftest -g -O2   conftest.c -lfl  >&5
configure:4181: $? = 0
configure:4189: result: yes
configure:4252: checking for ifort
configure:4268: found /usrx/local/prod/intel/2018UP01/compilers_and_libraries/linux/bin/intel64/ifort
configure:4279: result: ifort
configure:4305: checking for Fortran 77 compiler version
configure:4314: ifort --version >&5
ifort (IFORT) 18.0.1 20171018
Copyright (C) 1985-2017 Intel Corporation.  All rights reserved.

configure:4325: $? = 0
configure:4314: ifort -v >&5
ifort version 18.0.1
configure:4325: $? = 0
configure:4314: ifort -V >&5
Intel(R) Fortran Intel(R) 64 Compiler for applications running on Intel(R) 64, Version 18.0.1.163 Build 20171018
Copyright (C) 1985-2017 Intel Corporation.  All rights reserved.

configure:4325: $? = 0
configure:4314: ifort -qversion >&5
ifort: command line warning #10006: ignoring unknown option '-qversion'
ifort: command line error: no files specified; for help type "ifort -help"
configure:4325: $? = 1
configure:4334: checking whether we are using the GNU Fortran 77 compiler
configure:4347: ifort -c  conftest.F >&5
conftest.F(3): error #5082: Syntax error, found END-OF-STATEMENT when expecting one of: => = . [ % ( :
       choke me
---------------^
compilation aborted for conftest.F (code 1)
configure:4347: $? = 1
configure: failed program was:
|       program main
| #ifndef __GNUC__
|        choke me
| #endif
| 
|       end
configure:4356: result: no
configure:4362: checking whether ifort accepts -g
configure:4373: ifort -c -g conftest.f >&5
configure:4373: $? = 0
configure:4381: result: yes
configure:4463: checking for ifort
configure:4479: found /usrx/local/prod/intel/2018UP01/compilers_and_libraries/linux/bin/intel64/ifort
configure:4490: result: ifort
configure:4516: checking for Fortran compiler version
configure:4525: ifort --version >&5
ifort (IFORT) 18.0.1 20171018
Copyright (C) 1985-2017 Intel Corporation.  All rights reserved.

configure:4536: $? = 0
configure:4525: ifort -v >&5
ifort version 18.0.1
configure:4536: $? = 0
configure:4525: ifort -V >&5
Intel(R) Fortran Intel(R) 64 Compiler for applications running on Intel(R) 64, Version 18.0.1.163 Build 20171018
Copyright (C) 1985-2017 Intel Corporation.  All rights reserved.

configure:4536: $? = 0
configure:4525: ifort -qversion >&5
ifort: command line warning #10006: ignoring unknown option '-qversion'
ifort: command line error: no files specified; for help type "ifort -help"
configure:4536: $? = 1
configure:4545: checking whether we are using the GNU Fortran compiler
configure:4558: ifort -c   conftest.F >&5
conftest.F(3): error #5082: Syntax error, found END-OF-STATEMENT when expecting one of: => = . [ % ( :
       choke me
---------------^
compilation aborted for conftest.F (code 1)
configure:4558: $? = 1
configure: failed program was:
|       program main
| #ifndef __GNUC__
|        choke me
| #endif
| 
|       end
configure:4567: result: no
configure:4573: checking whether ifort accepts -g
configure:4584: ifort -c -g  conftest.f >&5
configure:4584: $? = 0
configure:4592: result: yes
configure:4831: checking if Fortran 90 compiler capitalizes .mod filenames
configure:4839: ifort -c conftest.f90 >&5
configure:4842: $? = 0
configure:4849: result: no
configure:4869: checking if double and float are ieee big endian
configure:4914: gcc -o conftest -g -O2   conftest.c  >&5
configure:4914: $? = 0
configure:4914: ./conftest
configure:4914: $? = 1
configure: program exited with status 1
configure: failed program was:
| /* confdefs.h */
| #define PACKAGE_NAME "src/grib_api.h"
| #define PACKAGE_TARNAME "src-grib_api-h"
| #define PACKAGE_VERSION " "
| #define PACKAGE_STRING "src/grib_api.h  "
| #define PACKAGE_BUGREPORT "Software.Support@ecmwf.int"
| #define PACKAGE_URL ""
| #define GRIB_API_MAIN_VERSION 1.9.16
| #define GRIB_API_MAJOR_VERSION 1
| #define GRIB_API_MINOR_VERSION 9
| #define GRIB_API_REVISION_VERSION 16
| #define YYTEXT_POINTER 1
| #define GRIB_PTHREADS 0
| #define GRIB_LINUX_PTHREADS 0
| /* end confdefs.h.  */
| 
| 
|      int compare(unsigned char* a,unsigned char* b) {
|        while(*a != 0) if (*(b++)!=*(a++)) return 1;
|        return 0;
|      }
|      int main(int argc,char** argv) {
|        unsigned char dc[]={0x30,0x61,0xDE,0x80,0x93,0x67,0xCC,0xD9,0};
|        double da=1.23456789e-75;
|        unsigned char* ca;
| 
|        unsigned char fc[]={0x05,0x83,0x48,0x22,0};
|        float fa=1.23456789e-35;
| 
|        if (sizeof(double)!=8) return 1;
| 
|        ca=(unsigned char*)&da;
|        if (compare(dc,ca)) return 1;
| 
|        if (sizeof(float)!=4) return 1;
| 
|        ca=(unsigned char*)&fa;
|        if (compare(fc,ca)) return 1;
| 
|        return 0;
|      }
| 
| 
configure:4925: result: no
configure:4940: checking if double and float are ieee little endian
configure:4985: gcc -o conftest -g -O2   conftest.c  >&5
configure:4985: $? = 0
configure:4985: ./conftest
configure:4985: $? = 0
configure:4999: result: yes
configure:5033: checking if Big Endian
configure:5058: gcc -o conftest -g -O2   conftest.c  >&5
configure:5058: $? = 0
configure:5058: ./conftest
configure:5058: $? = 0
configure:5069: result: no
configure:5084: checking if inline in C
configure:5104: gcc -c -g -O2  conftest.c >&5
configure:5104: $? = 0
configure:5115: result: yes
configure:5127: checking if bus error on unaligned pointers
configure:5150: gcc -o conftest -g -O2   conftest.c  >&5
configure:5150: $? = 0
configure:5150: ./conftest
configure:5150: $? = 0
configure:5161: result: no
configure:5175: checking for posix_memalign
configure:5175: gcc -o conftest -g -O2   conftest.c  >&5
configure:5175: $? = 0
configure:5175: result: yes
configure:5245: checking for _LARGEFILE_SOURCE value needed for large files
configure:5264: gcc -o conftest -g -O2   conftest.c  >&5
configure:5264: $? = 0
configure:5292: result: no
configure:5327: checking for special C compiler options needed for large files
configure:5372: result: no
configure:5378: checking for _FILE_OFFSET_BITS value needed for large files
configure:5403: gcc -c -g -O2  conftest.c >&5
configure:5403: $? = 0
configure:5435: result: no
configure:5523: checking build system type
configure:5537: result: x86_64-unknown-linux-gnu
configure:5557: checking host system type
configure:5570: result: x86_64-unknown-linux-gnu
configure:5865: checking for jas_stream_memopen in -ljasper
configure:5890: gcc -o conftest -g -O2 -I/usrx/local/prod/packages/gnu/4.8.5/jasper/1.900.1/include   -L/usrx/local/prod/packages/gnu/4.8.5/jasper/1.900.1/lib conftest.c -ljasper   >&5
/usrx/local/prod/packages/gnu/4.8.5/jasper/1.900.1/lib/libjasper.a(jas_stream.o): In function `jas_stream_tmpfile':
/usrx/local/prod/packages/gnu/4.8.5/jasper/1.900.1/src/jasper-1.900.1/src/libjasper/base/jas_stream.c:368: warning: the use of `tmpnam' is dangerous, better use `mkstemp'
configure:5890: $? = 0
configure:5899: result: yes
configure:5907: checking for opj_image_create in -lopenjpeg
configure:5932: gcc -o conftest -g -O2 -I/usrx/local/prod/packages/gnu/4.8.5/jasper/1.900.1/include   -L/usrx/local/prod/packages/gnu/4.8.5/jasper/1.900.1/lib conftest.c -lopenjpeg   >&5
/usr/bin/ld: cannot find -lopenjpeg
collect2: error: ld returned 1 exit status
configure:5932: $? = 1
configure: failed program was:
| /* confdefs.h */
| #define PACKAGE_NAME "src/grib_api.h"
| #define PACKAGE_TARNAME "src-grib_api-h"
| #define PACKAGE_VERSION " "
| #define PACKAGE_STRING "src/grib_api.h  "
| #define PACKAGE_BUGREPORT "Software.Support@ecmwf.int"
| #define PACKAGE_URL ""
| #define GRIB_API_MAIN_VERSION 1.9.16
| #define GRIB_API_MAJOR_VERSION 1
| #define GRIB_API_MINOR_VERSION 9
| #define GRIB_API_REVISION_VERSION 16
| #define YYTEXT_POINTER 1
| #define GRIB_PTHREADS 0
| #define GRIB_LINUX_PTHREADS 0
| #define IEEE_BE 0
| #define IEEE_LE 1
| #define IS_BIG_ENDIAN 0
| #define GRIB_INLINE inline
| #define GRIB_MEM_ALIGN 0
| #define POSIX_MEMALIGN 1
| #define VECTOR 0
| #define MANAGE_MEM 0
| #define HAVE_FSEEKO 1
| #define GRIB_TEMPLATES_PATH "/gpfs/dell1/nco/ops/nwpara/wsr.v3.1.0.1/libs/ecmwf_grib_api-1.9.16/share/samples"
| #define GRIB_SAMPLES_PATH "/gpfs/dell1/nco/ops/nwpara/wsr.v3.1.0.1/libs/ecmwf_grib_api-1.9.16/share/samples"
| #define GRIB_DEFINITION_PATH "/gpfs/dell1/nco/ops/nwpara/wsr.v3.1.0.1/libs/ecmwf_grib_api-1.9.16/share/definitions"
| #define GRIB_TIMER 0
| #define OMP_PACKING 0
| #define HAVE_JPEG 1
| /* end confdefs.h.  */
| 
| /* Override any GCC internal prototype to avoid an error.
|    Use char because int might match the return type of a GCC
|    builtin and then its argument prototype would still apply.  */
| #ifdef __cplusplus
| extern "C"
| #endif
| char opj_image_create ();
| int
| main ()
| {
| return opj_image_create ();
|   ;
|   return 0;
| }
configure:5941: result: no
configure:6759: checking for rm
configure:6775: found /usr/bin/rm
configure:6786: result: rm
configure:6837: checking for ar
configure:6853: found /usr/bin/ar
configure:6864: result: ar
configure:6888: checking whether gcc supports -pedantic -Wall
configure:6906: gcc -c -pedantic -Wall  conftest.c >&5
configure:6906: $? = 0
configure:6914: result: yes
configure:6934: checking for pow in -lm
configure:6959: gcc -o conftest -g -O2 -I/usrx/local/prod/packages/gnu/4.8.5/jasper/1.900.1/include   -L/usrx/local/prod/packages/gnu/4.8.5/jasper/1.900.1/lib conftest.c -lm  -ljasper  >&5
conftest.c:39:6: warning: conflicting types for built-in function 'pow' [enabled by default]
 char pow ();
      ^
configure:6959: $? = 0
configure:6968: result: yes
configure:6983: checking for dirent.h that defines DIR
configure:7002: gcc -c -g -O2 -I/usrx/local/prod/packages/gnu/4.8.5/jasper/1.900.1/include  conftest.c >&5
configure:7002: $? = 0
configure:7010: result: yes
configure:7024: checking for library containing opendir
configure:7055: gcc -o conftest -g -O2 -I/usrx/local/prod/packages/gnu/4.8.5/jasper/1.900.1/include   -L/usrx/local/prod/packages/gnu/4.8.5/jasper/1.900.1/lib conftest.c -lm -ljasper  >&5
configure:7055: $? = 0
configure:7072: result: none required
configure:7139: checking for ANSI C header files
configure:7159: gcc -c -g -O2 -I/usrx/local/prod/packages/gnu/4.8.5/jasper/1.900.1/include  conftest.c >&5
configure:7159: $? = 0
configure:7243: result: no
configure:7254: checking stddef.h usability
configure:7254: gcc -c -g -O2 -I/usrx/local/prod/packages/gnu/4.8.5/jasper/1.900.1/include  conftest.c >&5
configure:7254: $? = 0
configure:7254: result: yes
configure:7254: checking stddef.h presence
configure:7254: gcc -E  conftest.c
configure:7254: $? = 0
configure:7254: result: yes
configure:7254: checking for stddef.h
configure:7254: result: yes
configure:7254: checking stdlib.h usability
configure:7254: gcc -c -g -O2 -I/usrx/local/prod/packages/gnu/4.8.5/jasper/1.900.1/include  conftest.c >&5
configure:7254: $? = 0
configure:7254: result: yes
configure:7254: checking stdlib.h presence
configure:7254: gcc -E  conftest.c
configure:7254: $? = 0
configure:7254: result: yes
configure:7254: checking for stdlib.h
configure:7254: result: yes
configure:7254: checking string.h usability
configure:7254: gcc -c -g -O2 -I/usrx/local/prod/packages/gnu/4.8.5/jasper/1.900.1/include  conftest.c >&5
configure:7254: $? = 0
configure:7254: result: yes
configure:7254: checking string.h presence
configure:7254: gcc -E  conftest.c
configure:7254: $? = 0
configure:7254: result: yes
configure:7254: checking for string.h
configure:7254: result: yes
configure:7254: checking sys/param.h usability
configure:7254: gcc -c -g -O2 -I/usrx/local/prod/packages/gnu/4.8.5/jasper/1.900.1/include  conftest.c >&5
configure:7254: $? = 0
configure:7254: result: yes
configure:7254: checking sys/param.h presence
configure:7254: gcc -E  conftest.c
configure:7254: $? = 0
configure:7254: result: yes
configure:7254: checking for sys/param.h
configure:7254: result: yes
configure:7254: checking sys/time.h usability
configure:7254: gcc -c -g -O2 -I/usrx/local/prod/packages/gnu/4.8.5/jasper/1.900.1/include  conftest.c >&5
configure:7254: $? = 0
configure:7254: result: yes
configure:7254: checking sys/time.h presence
configure:7254: gcc -E  conftest.c
configure:7254: $? = 0
configure:7254: result: yes
configure:7254: checking for sys/time.h
configure:7254: result: yes
configure:7254: checking unistd.h usability
configure:7254: gcc -c -g -O2 -I/usrx/local/prod/packages/gnu/4.8.5/jasper/1.900.1/include  conftest.c >&5
configure:7254: $? = 0
configure:7254: result: yes
configure:7254: checking unistd.h presence
configure:7254: gcc -E  conftest.c
configure:7254: $? = 0
configure:7254: result: yes
configure:7254: checking for unistd.h
configure:7254: result: yes
configure:7254: checking math.h usability
configure:7254: gcc -c -g -O2 -I/usrx/local/prod/packages/gnu/4.8.5/jasper/1.900.1/include  conftest.c >&5
configure:7254: $? = 0
configure:7254: result: yes
configure:7254: checking math.h presence
configure:7254: gcc -E  conftest.c
configure:7254: $? = 0
configure:7254: result: yes
configure:7254: checking for math.h
configure:7254: result: yes
configure:7254: checking stdarg.h usability
configure:7254: gcc -c -g -O2 -I/usrx/local/prod/packages/gnu/4.8.5/jasper/1.900.1/include  conftest.c >&5
configure:7254: $? = 0
configure:7254: result: yes
configure:7254: checking stdarg.h presence
configure:7254: gcc -E  conftest.c
configure:7254: $? = 0
configure:7254: result: yes
configure:7254: checking for stdarg.h
configure:7254: result: yes
configure:7254: checking assert.h usability
configure:7254: gcc -c -g -O2 -I/usrx/local/prod/packages/gnu/4.8.5/jasper/1.900.1/include  conftest.c >&5
configure:7254: $? = 0
configure:7254: result: yes
configure:7254: checking assert.h presence
configure:7254: gcc -E  conftest.c
configure:7254: $? = 0
configure:7254: result: yes
configure:7254: checking for assert.h
configure:7254: result: yes
configure:7254: checking ctype.h usability
configure:7254: gcc -c -g -O2 -I/usrx/local/prod/packages/gnu/4.8.5/jasper/1.900.1/include  conftest.c >&5
configure:7254: $? = 0
configure:7254: result: yes
configure:7254: checking ctype.h presence
configure:7254: gcc -E  conftest.c
configure:7254: $? = 0
configure:7254: result: yes
configure:7254: checking for ctype.h
configure:7254: result: yes
configure:7254: checking fcntl.h usability
configure:7254: gcc -c -g -O2 -I/usrx/local/prod/packages/gnu/4.8.5/jasper/1.900.1/include  conftest.c >&5
configure:7254: $? = 0
configure:7254: result: yes
configure:7254: checking fcntl.h presence
configure:7254: gcc -E  conftest.c
configure:7254: $? = 0
configure:7254: result: yes
configure:7254: checking for fcntl.h
configure:7254: result: yes
configure:7267: checking for an ANSI C-conforming const
configure:7332: gcc -c -g -O2 -I/usrx/local/prod/packages/gnu/4.8.5/jasper/1.900.1/include  conftest.c >&5
configure:7332: $? = 0
configure:7339: result: yes
configure:7347: checking for size_t
configure:7347: gcc -c -g -O2 -I/usrx/local/prod/packages/gnu/4.8.5/jasper/1.900.1/include  conftest.c >&5
configure:7347: $? = 0
configure:7347: gcc -c -g -O2 -I/usrx/local/prod/packages/gnu/4.8.5/jasper/1.900.1/include  conftest.c >&5
conftest.c: In function 'main':
conftest.c:81:21: error: expected expression before ')' token
 if (sizeof ((size_t)))
                     ^
configure:7347: $? = 1
configure: failed program was:
| /* confdefs.h */
| #define PACKAGE_NAME "src/grib_api.h"
| #define PACKAGE_TARNAME "src-grib_api-h"
| #define PACKAGE_VERSION " "
| #define PACKAGE_STRING "src/grib_api.h  "
| #define PACKAGE_BUGREPORT "Software.Support@ecmwf.int"
| #define PACKAGE_URL ""
| #define GRIB_API_MAIN_VERSION 1.9.16
| #define GRIB_API_MAJOR_VERSION 1
| #define GRIB_API_MINOR_VERSION 9
| #define GRIB_API_REVISION_VERSION 16
| #define YYTEXT_POINTER 1
| #define GRIB_PTHREADS 0
| #define GRIB_LINUX_PTHREADS 0
| #define IEEE_BE 0
| #define IEEE_LE 1
| #define IS_BIG_ENDIAN 0
| #define GRIB_INLINE inline
| #define GRIB_MEM_ALIGN 0
| #define POSIX_MEMALIGN 1
| #define VECTOR 0
| #define MANAGE_MEM 0
| #define HAVE_FSEEKO 1
| #define GRIB_TEMPLATES_PATH "/gpfs/dell1/nco/ops/nwpara/wsr.v3.1.0.1/libs/ecmwf_grib_api-1.9.16/share/samples"
| #define GRIB_SAMPLES_PATH "/gpfs/dell1/nco/ops/nwpara/wsr.v3.1.0.1/libs/ecmwf_grib_api-1.9.16/share/samples"
| #define GRIB_DEFINITION_PATH "/gpfs/dell1/nco/ops/nwpara/wsr.v3.1.0.1/libs/ecmwf_grib_api-1.9.16/share/definitions"
| #define GRIB_TIMER 0
| #define OMP_PACKING 0
| #define HAVE_JPEG 1
| #define HAVE_LIBJASPER 1
| #define HAVE_LIBM 1
| #define HAVE_DIRENT_H 1
| #define HAVE_STDDEF_H 1
| #define HAVE_STDLIB_H 1
| #define HAVE_STRING_H 1
| #define HAVE_SYS_PARAM_H 1
| #define HAVE_SYS_TIME_H 1
| #define HAVE_UNISTD_H 1
| #define HAVE_MATH_H 1
| #define HAVE_STDARG_H 1
| #define HAVE_ASSERT_H 1
| #define HAVE_CTYPE_H 1
| #define HAVE_FCNTL_H 1
| /* end confdefs.h.  */
| #include <stdio.h>
| #ifdef HAVE_SYS_TYPES_H
| # include <sys/types.h>
| #endif
| #ifdef HAVE_SYS_STAT_H
| # include <sys/stat.h>
| #endif
| #ifdef STDC_HEADERS
| # include <stdlib.h>
| # include <stddef.h>
| #else
| # ifdef HAVE_STDLIB_H
| #  include <stdlib.h>
| # endif
| #endif
| #ifdef HAVE_STRING_H
| # if !defined STDC_HEADERS && defined HAVE_MEMORY_H
| #  include <memory.h>
| # endif
| # include <string.h>
| #endif
| #ifdef HAVE_STRINGS_H
| # include <strings.h>
| #endif
| #ifdef HAVE_INTTYPES_H
| # include <inttypes.h>
| #endif
| #ifdef HAVE_STDINT_H
| # include <stdint.h>
| #endif
| #ifdef HAVE_UNISTD_H
| # include <unistd.h>
| #endif
| int
| main ()
| {
| if (sizeof ((size_t)))
| 	    return 0;
|   ;
|   return 0;
| }
configure:7347: result: yes
configure:7358: checking whether time.h and sys/time.h may both be included
configure:7378: gcc -c -g -O2 -I/usrx/local/prod/packages/gnu/4.8.5/jasper/1.900.1/include  conftest.c >&5
configure:7378: $? = 0
configure:7385: result: yes
configure:7394: checking whether closedir returns void
configure:7418: gcc -o conftest -g -O2 -I/usrx/local/prod/packages/gnu/4.8.5/jasper/1.900.1/include   -L/usrx/local/prod/packages/gnu/4.8.5/jasper/1.900.1/lib conftest.c -lm -ljasper  >&5
configure:7418: $? = 0
configure:7418: ./conftest
configure:7418: $? = 0
configure:7428: result: no
configure:7436: checking return type of signal handlers
configure:7454: gcc -c -g -O2 -I/usrx/local/prod/packages/gnu/4.8.5/jasper/1.900.1/include  conftest.c >&5
conftest.c: In function 'main':
conftest.c:52:1: error: void value not ignored as it ought to be
 return *(signal (0, 0)) (0) == 1;
 ^
configure:7454: $? = 1
configure: failed program was:
| /* confdefs.h */
| #define PACKAGE_NAME "src/grib_api.h"
| #define PACKAGE_TARNAME "src-grib_api-h"
| #define PACKAGE_VERSION " "
| #define PACKAGE_STRING "src/grib_api.h  "
| #define PACKAGE_BUGREPORT "Software.Support@ecmwf.int"
| #define PACKAGE_URL ""
| #define GRIB_API_MAIN_VERSION 1.9.16
| #define GRIB_API_MAJOR_VERSION 1
| #define GRIB_API_MINOR_VERSION 9
| #define GRIB_API_REVISION_VERSION 16
| #define YYTEXT_POINTER 1
| #define GRIB_PTHREADS 0
| #define GRIB_LINUX_PTHREADS 0
| #define IEEE_BE 0
| #define IEEE_LE 1
| #define IS_BIG_ENDIAN 0
| #define GRIB_INLINE inline
| #define GRIB_MEM_ALIGN 0
| #define POSIX_MEMALIGN 1
| #define VECTOR 0
| #define MANAGE_MEM 0
| #define HAVE_FSEEKO 1
| #define GRIB_TEMPLATES_PATH "/gpfs/dell1/nco/ops/nwpara/wsr.v3.1.0.1/libs/ecmwf_grib_api-1.9.16/share/samples"
| #define GRIB_SAMPLES_PATH "/gpfs/dell1/nco/ops/nwpara/wsr.v3.1.0.1/libs/ecmwf_grib_api-1.9.16/share/samples"
| #define GRIB_DEFINITION_PATH "/gpfs/dell1/nco/ops/nwpara/wsr.v3.1.0.1/libs/ecmwf_grib_api-1.9.16/share/definitions"
| #define GRIB_TIMER 0
| #define OMP_PACKING 0
| #define HAVE_JPEG 1
| #define HAVE_LIBJASPER 1
| #define HAVE_LIBM 1
| #define HAVE_DIRENT_H 1
| #define HAVE_STDDEF_H 1
| #define HAVE_STDLIB_H 1
| #define HAVE_STRING_H 1
| #define HAVE_SYS_PARAM_H 1
| #define HAVE_SYS_TIME_H 1
| #define HAVE_UNISTD_H 1
| #define HAVE_MATH_H 1
| #define HAVE_STDARG_H 1
| #define HAVE_ASSERT_H 1
| #define HAVE_CTYPE_H 1
| #define HAVE_FCNTL_H 1
| #define TIME_WITH_SYS_TIME 1
| /* end confdefs.h.  */
| #include <sys/types.h>
| #include <signal.h>
| 
| int
| main ()
| {
| return *(signal (0, 0)) (0) == 1;
|   ;
|   return 0;
| }
configure:7461: result: void
configure:7471: checking for vprintf
configure:7471: gcc -o conftest -g -O2 -I/usrx/local/prod/packages/gnu/4.8.5/jasper/1.900.1/include   -L/usrx/local/prod/packages/gnu/4.8.5/jasper/1.900.1/lib conftest.c -lm -ljasper  >&5
conftest.c:70:6: warning: conflicting types for built-in function 'vprintf' [enabled by default]
 char vprintf ();
      ^
configure:7471: $? = 0
configure:7471: result: yes
configure:7477: checking for _doprnt
configure:7477: gcc -o conftest -g -O2 -I/usrx/local/prod/packages/gnu/4.8.5/jasper/1.900.1/include   -L/usrx/local/prod/packages/gnu/4.8.5/jasper/1.900.1/lib conftest.c -lm -ljasper  >&5
/tmp/cc1RA1PS.o: In function `main':
/gpfs/dell1/nco/ops/nwpara/wsr.v3.1.0.1/libs/grib_api-1.9.16-working/conftest.c:82: undefined reference to `_doprnt'
collect2: error: ld returned 1 exit status
configure:7477: $? = 1
configure: failed program was:
| /* confdefs.h */
| #define PACKAGE_NAME "src/grib_api.h"
| #define PACKAGE_TARNAME "src-grib_api-h"
| #define PACKAGE_VERSION " "
| #define PACKAGE_STRING "src/grib_api.h  "
| #define PACKAGE_BUGREPORT "Software.Support@ecmwf.int"
| #define PACKAGE_URL ""
| #define GRIB_API_MAIN_VERSION 1.9.16
| #define GRIB_API_MAJOR_VERSION 1
| #define GRIB_API_MINOR_VERSION 9
| #define GRIB_API_REVISION_VERSION 16
| #define YYTEXT_POINTER 1
| #define GRIB_PTHREADS 0
| #define GRIB_LINUX_PTHREADS 0
| #define IEEE_BE 0
| #define IEEE_LE 1
| #define IS_BIG_ENDIAN 0
| #define GRIB_INLINE inline
| #define GRIB_MEM_ALIGN 0
| #define POSIX_MEMALIGN 1
| #define VECTOR 0
| #define MANAGE_MEM 0
| #define HAVE_FSEEKO 1
| #define GRIB_TEMPLATES_PATH "/gpfs/dell1/nco/ops/nwpara/wsr.v3.1.0.1/libs/ecmwf_grib_api-1.9.16/share/samples"
| #define GRIB_SAMPLES_PATH "/gpfs/dell1/nco/ops/nwpara/wsr.v3.1.0.1/libs/ecmwf_grib_api-1.9.16/share/samples"
| #define GRIB_DEFINITION_PATH "/gpfs/dell1/nco/ops/nwpara/wsr.v3.1.0.1/libs/ecmwf_grib_api-1.9.16/share/definitions"
| #define GRIB_TIMER 0
| #define OMP_PACKING 0
| #define HAVE_JPEG 1
| #define HAVE_LIBJASPER 1
| #define HAVE_LIBM 1
| #define HAVE_DIRENT_H 1
| #define HAVE_STDDEF_H 1
| #define HAVE_STDLIB_H 1
| #define HAVE_STRING_H 1
| #define HAVE_SYS_PARAM_H 1
| #define HAVE_SYS_TIME_H 1
| #define HAVE_UNISTD_H 1
| #define HAVE_MATH_H 1
| #define HAVE_STDARG_H 1
| #define HAVE_ASSERT_H 1
| #define HAVE_CTYPE_H 1
| #define HAVE_FCNTL_H 1
| #define TIME_WITH_SYS_TIME 1
| #define RETSIGTYPE void
| #define HAVE_VPRINTF 1
| /* end confdefs.h.  */
| /* Define _doprnt to an innocuous variant, in case <limits.h> declares _doprnt.
|    For example, HP-UX 11i <limits.h> declares gettimeofday.  */
| #define _doprnt innocuous__doprnt
| 
| /* System header to define __stub macros and hopefully few prototypes,
|     which can conflict with char _doprnt (); below.
|     Prefer <limits.h> to <assert.h> if __STDC__ is defined, since
|     <limits.h> exists even on freestanding compilers.  */
| 
| #ifdef __STDC__
| # include <limits.h>
| #else
| # include <assert.h>
| #endif
| 
| #undef _doprnt
| 
| /* Override any GCC internal prototype to avoid an error.
|    Use char because int might match the return type of a GCC
|    builtin and then its argument prototype would still apply.  */
| #ifdef __cplusplus
| extern "C"
| #endif
| char _doprnt ();
| /* The GNU C library defines this for functions which it implements
|     to always fail with ENOSYS.  Some functions are actually named
|     something starting with __ and the normal name is an alias.  */
| #if defined __stub__doprnt || defined __stub____doprnt
| choke me
| #endif
| 
| int
| main ()
| {
| return _doprnt ();
|   ;
|   return 0;
| }
configure:7477: result: no
configure:7491: checking for bzero
configure:7491: gcc -o conftest -g -O2 -I/usrx/local/prod/packages/gnu/4.8.5/jasper/1.900.1/include   -L/usrx/local/prod/packages/gnu/4.8.5/jasper/1.900.1/lib conftest.c -lm -ljasper  >&5
conftest.c:71:6: warning: conflicting types for built-in function 'bzero' [enabled by default]
 char bzero ();
      ^
configure:7491: $? = 0
configure:7491: result: yes
configure:7491: checking for gettimeofday
configure:7491: gcc -o conftest -g -O2 -I/usrx/local/prod/packages/gnu/4.8.5/jasper/1.900.1/include   -L/usrx/local/prod/packages/gnu/4.8.5/jasper/1.900.1/lib conftest.c -lm -ljasper  >&5
configure:7491: $? = 0
configure:7491: result: yes
configure:7634: creating ./config.status

## ---------------------- ##
## Running config.status. ##
## ---------------------- ##

This file was extended by src/grib_api.h config.status  , which was
generated by GNU Autoconf 2.65.  Invocation command line was

  CONFIG_FILES    = 
  CONFIG_HEADERS  = 
  CONFIG_LINKS    = 
  CONFIG_COMMANDS = 
  $ ./config.status 

on v71a2

config.status:960: creating Makefile
config.status:960: creating src/Makefile
config.status:960: creating fortran/Makefile
config.status:960: creating tools/Makefile
config.status:960: creating definitions/Makefile
config.status:960: creating samples/Makefile
config.status:960: creating ifs_samples/grib1/Makefile
config.status:960: creating ifs_samples/grib1_mlgrib2/Makefile
config.status:960: creating ifs_samples/grib1_mlgrib2_ieee64/Makefile
config.status:960: creating tests/Makefile
config.status:960: creating examples/C/Makefile
config.status:960: creating examples/F90/Makefile
config.status:960: creating tigge/Makefile
config.status:960: creating perl/GRIB-API/Makefile.PL
config.status:960: creating perl/Makefile
config.status:960: creating python/Makefile
config.status:960: creating examples/python/Makefile
config.status:960: creating src/config.h
config.status:1180: executing depfiles commands
configure:8969:

  Configuration completed.

    You can now say 'make' to compile the grib_api package, 'make check' to
	  test it  and 'make install' to install it afterwards.
	  

## ---------------- ##
## Cache variables. ##
## ---------------- ##

ac_cv_build=x86_64-unknown-linux-gnu
ac_cv_c_compiler_gnu=yes
ac_cv_c_const=yes
ac_cv_env_CC_set=
ac_cv_env_CC_value=
ac_cv_env_CFLAGS_set=
ac_cv_env_CFLAGS_value=
ac_cv_env_CPPFLAGS_set=
ac_cv_env_CPPFLAGS_value=
ac_cv_env_CPP_set=
ac_cv_env_CPP_value=
ac_cv_env_F77_set=
ac_cv_env_F77_value=
ac_cv_env_FCFLAGS_set=
ac_cv_env_FCFLAGS_value=
ac_cv_env_FC_set=
ac_cv_env_FC_value=
ac_cv_env_FFLAGS_set=
ac_cv_env_FFLAGS_value=
ac_cv_env_LDFLAGS_set=
ac_cv_env_LDFLAGS_value=
ac_cv_env_LIBS_set=
ac_cv_env_LIBS_value=
ac_cv_env_YACC_set=
ac_cv_env_YACC_value=
ac_cv_env_YFLAGS_set=
ac_cv_env_YFLAGS_value=
ac_cv_env_build_alias_set=
ac_cv_env_build_alias_value=
ac_cv_env_host_alias_set=
ac_cv_env_host_alias_value=
ac_cv_env_target_alias_set=
ac_cv_env_target_alias_value=
ac_cv_f77_compiler_gnu=no
ac_cv_fc_compiler_gnu=no
ac_cv_func__doprnt=no
ac_cv_func_bzero=yes
ac_cv_func_closedir_void=no
ac_cv_func_gettimeofday=yes
ac_cv_func_posix_memalign=yes
ac_cv_func_vprintf=yes
ac_cv_header_assert_h=yes
ac_cv_header_ctype_h=yes
ac_cv_header_dirent_dirent_h=yes
ac_cv_header_fcntl_h=yes
ac_cv_header_math_h=yes
ac_cv_header_stdarg_h=yes
ac_cv_header_stdc=no
ac_cv_header_stddef_h=yes
ac_cv_header_stdlib_h=yes
ac_cv_header_string_h=yes
ac_cv_header_sys_param_h=yes
ac_cv_header_sys_time_h=yes
ac_cv_header_time=yes
ac_cv_header_unistd_h=yes
ac_cv_host=x86_64-unknown-linux-gnu
ac_cv_lib_jasper_jas_stream_memopen=yes
ac_cv_lib_lex=-lfl
ac_cv_lib_m_pow=yes
ac_cv_lib_openjpeg_opj_image_create=no
ac_cv_objext=o
ac_cv_path_install='/usr/bin/install -c'
ac_cv_path_mkdir=/usr/bin/mkdir
ac_cv_prog_AWK=gawk
ac_cv_prog_CPP='gcc -E'
ac_cv_prog_LEX=flex
ac_cv_prog_RM=rm
ac_cv_prog_YACC='bison -y'
ac_cv_prog_ac_ct_AR=ar
ac_cv_prog_ac_ct_CC=gcc
ac_cv_prog_ac_ct_F77=ifort
ac_cv_prog_ac_ct_FC=ifort
ac_cv_prog_ac_ct_RANLIB=ranlib
ac_cv_prog_cc_c89=
ac_cv_prog_cc_g=yes
ac_cv_prog_f77_g=yes
ac_cv_prog_f90_uppercase_mod=no
ac_cv_prog_fc_g=yes
ac_cv_prog_lex_root=lex.yy
ac_cv_prog_lex_yytext_pointer=yes
ac_cv_prog_make_make_set=yes
ac_cv_search_opendir='none required'
ac_cv_sys_file_offset_bits=no
ac_cv_sys_largefile_CC=no
ac_cv_sys_largefile_source=no
ac_cv_type_signal=void
ac_cv_type_size_t=yes
am_cv_CC_dependencies_compiler_type=gcc3
grib_api_cv_prog_cc_pedantic__Wall=yes

## ----------------- ##
## Output variables. ##
## ----------------- ##

ACLOCAL='${SHELL} /gpfs/dell1/nco/ops/nwpara/wsr.v3.1.0.1/libs/grib_api-1.9.16-working/config/missing --run aclocal-1.11'
AMDEPBACKSLASH='\'
AMDEP_FALSE='#'
AMDEP_TRUE=''
AMTAR='${SHELL} /gpfs/dell1/nco/ops/nwpara/wsr.v3.1.0.1/libs/grib_api-1.9.16-working/config/missing --run tar'
AR='ar'
AUTOCONF='${SHELL} /gpfs/dell1/nco/ops/nwpara/wsr.v3.1.0.1/libs/grib_api-1.9.16-working/config/missing --run autoconf'
AUTOHEADER='${SHELL} /gpfs/dell1/nco/ops/nwpara/wsr.v3.1.0.1/libs/grib_api-1.9.16-working/config/missing --run autoheader'
AUTOMAKE='${SHELL} /gpfs/dell1/nco/ops/nwpara/wsr.v3.1.0.1/libs/grib_api-1.9.16-working/config/missing --run automake-1.11'
AWK='gawk'
CC='gcc'
CCDEPMODE='depmode=gcc3'
CFLAGS='-g -O2 -I/usrx/local/prod/packages/gnu/4.8.5/jasper/1.900.1/include'
CPP='gcc -E'
CPPFLAGS=''
CYGPATH_W='echo'
DEFS='-DHAVE_CONFIG_H'
DEPDIR='.deps'
DEVEL_RULES='dummy.am'
ECHO_C=''
ECHO_N='-n'
ECHO_T=''
EGREP=''
EMOS_LIB=''
EXEEXT=''
F77='ifort'
F90_CHECK='examples/F90'
F90_MODULE_FLAG='-I '
FC='ifort'
FCFLAGS='-g'
FFLAGS='-g'
FORTRAN_MOD='fortran'
GREP=''
GRIB_API_INC='/gpfs/dell1/nco/ops/nwpara/wsr.v3.1.0.1/libs/grib_api-1.9.16-working/src'
GRIB_API_LIB='/gpfs/dell1/nco/ops/nwpara/wsr.v3.1.0.1/libs/grib_api-1.9.16-working/src/grib_api.a'
GRIB_API_MAIN_VERSION='1.9.16'
GRIB_DEFINITION_PATH='/gpfs/dell1/nco/ops/nwpara/wsr.v3.1.0.1/libs/ecmwf_grib_api-1.9.16/share/definitions'
GRIB_DEVEL='0'
GRIB_SAMPLES_PATH='/gpfs/dell1/nco/ops/nwpara/wsr.v3.1.0.1/libs/ecmwf_grib_api-1.9.16/share/samples'
GRIB_TEMPLATES_PATH='/gpfs/dell1/nco/ops/nwpara/wsr.v3.1.0.1/libs/ecmwf_grib_api-1.9.16/share/samples'
IFS_SAMPLES_DIR='/gpfs/dell1/nco/ops/nwpara/wsr.v3.1.0.1/libs/ecmwf_grib_api-1.9.16/share/grib_api/ifs_samples'
INSTALL_DATA='${INSTALL} -m 644'
INSTALL_PROGRAM='${INSTALL}'
INSTALL_SCRIPT='${INSTALL}'
INSTALL_STRIP_PROGRAM='$(install_sh) -c -s'
JASPER_DIR='/usrx/local/prod/packages/gnu/4.8.5/jasper/1.900.1'
JPEG_TEST='jpeg.sh'
LDFLAGS=' -L/usrx/local/prod/packages/gnu/4.8.5/jasper/1.900.1/lib'
LEX='flex'
LEXLIB='-lfl'
LEX_OUTPUT_ROOT='lex.yy'
LIBOBJS=''
LIBS='-lm -ljasper '
LIB_JASPER='-ljasper'
LIB_OPENJPEG=''
LIB_PNG=''
LN_S='ln -s'
LTLIBOBJS=''
MAKEINFO='${SHELL} /gpfs/dell1/nco/ops/nwpara/wsr.v3.1.0.1/libs/grib_api-1.9.16-working/config/missing --run makeinfo'
MKDIR_P='/usr/bin/mkdir -p'
OBJEXT='o'
OPENJPEG_DIR='system'
PACKAGE='grib_api'
PACKAGE_BUGREPORT='Software.Support@ecmwf.int'
PACKAGE_NAME='grib_api'
PACKAGE_STRING='src/grib_api.h  '
PACKAGE_TARNAME='src-grib_api-h'
PACKAGE_URL=''
PACKAGE_VERSION='1.9.16'
PATH_SEPARATOR=':'
PERL=''
PERLDIR='perl'
PERL_INSTALL_OPTIONS='LIB=/gpfs/dell1/nco/ops/nwpara/wsr.v3.1.0.1/libs/ecmwf_grib_api-1.9.16/perl'
PERL_MAKE_OPTIONS=''
PYTHON=''
PYTHON_CHECK=''
PYTHON_DATA_HANDLER=''
PYTHON_EXEC_PREFIX=''
PYTHON_PLATFORM=''
PYTHON_PREFIX=''
PYTHON_VERSION=''
RANLIB='ranlib'
RM='rm'
SET_MAKE=''
SHELL='/bin/sh'
STRIP=''
UPPER_CASE_MOD_FALSE=''
UPPER_CASE_MOD_TRUE='#'
VERSION='1.9.16'
WARN_PEDANTIC='-pedantic -Wall'
WERROR=''
WITH_PERL_FALSE=''
WITH_PERL_TRUE='#'
WITH_PYTHON_FALSE=''
WITH_PYTHON_TRUE='#'
YACC='bison -y'
YFLAGS=''
ac_ct_CC='gcc'
ac_ct_F77='ifort'
ac_ct_FC='ifort'
am__EXEEXT_FALSE=''
am__EXEEXT_TRUE='#'
am__fastdepCC_FALSE='#'
am__fastdepCC_TRUE=''
am__include='include'
am__isrc=''
am__leading_dot='.'
am__quote=''
am__tar='${AMTAR} chof - "$$tardir"'
am__untar='${AMTAR} xf -'
bindir='${exec_prefix}/bin'
build='x86_64-unknown-linux-gnu'
build_alias=''
build_cpu='x86_64'
build_os='linux-gnu'
build_vendor='unknown'
datadir='${datarootdir}'
datarootdir='${prefix}/share'
docdir='${datarootdir}/doc/${PACKAGE_TARNAME}'
dvidir='${docdir}'
exec_prefix='${prefix}'
host='x86_64-unknown-linux-gnu'
host_alias=''
host_cpu='x86_64'
host_os='linux-gnu'
host_vendor='unknown'
htmldir='${docdir}'
includedir='${prefix}/include'
infodir='${datarootdir}/info'
install_sh='${SHELL} /gpfs/dell1/nco/ops/nwpara/wsr.v3.1.0.1/libs/grib_api-1.9.16-working/config/install-sh'
libdir='${exec_prefix}/lib'
libexecdir='${exec_prefix}/libexec'
localedir='${datarootdir}/locale'
localstatedir='${prefix}/var'
mandir='${datarootdir}/man'
mkdir_p='/usr/bin/mkdir -p'
oldincludedir='/usr/include'
pdfdir='${docdir}'
pkgpyexecdir=''
pkgpythondir=''
prefix='/gpfs/dell1/nco/ops/nwpara/wsr.v3.1.0.1/libs/ecmwf_grib_api-1.9.16'
program_transform_name='s,x,x,'
psdir='${docdir}'
pyexecdir=''
pythondir=''
sbindir='${exec_prefix}/sbin'
sharedstatedir='${prefix}/com'
sysconfdir='${prefix}/etc'
target_alias=''

## ----------- ##
## confdefs.h. ##
## ----------- ##

/* confdefs.h */
#define PACKAGE_NAME "src/grib_api.h"
#define PACKAGE_TARNAME "src-grib_api-h"
#define PACKAGE_VERSION " "
#define PACKAGE_STRING "src/grib_api.h  "
#define PACKAGE_BUGREPORT "Software.Support@ecmwf.int"
#define PACKAGE_URL ""
#define GRIB_API_MAIN_VERSION 1.9.16
#define GRIB_API_MAJOR_VERSION 1
#define GRIB_API_MINOR_VERSION 9
#define GRIB_API_REVISION_VERSION 16
#define YYTEXT_POINTER 1
#define GRIB_PTHREADS 0
#define GRIB_LINUX_PTHREADS 0
#define IEEE_BE 0
#define IEEE_LE 1
#define IS_BIG_ENDIAN 0
#define GRIB_INLINE inline
#define GRIB_MEM_ALIGN 0
#define POSIX_MEMALIGN 1
#define VECTOR 0
#define MANAGE_MEM 0
#define HAVE_FSEEKO 1
#define GRIB_TEMPLATES_PATH "/gpfs/dell1/nco/ops/nwpara/wsr.v3.1.0.1/libs/ecmwf_grib_api-1.9.16/share/samples"
#define GRIB_SAMPLES_PATH "/gpfs/dell1/nco/ops/nwpara/wsr.v3.1.0.1/libs/ecmwf_grib_api-1.9.16/share/samples"
#define GRIB_DEFINITION_PATH "/gpfs/dell1/nco/ops/nwpara/wsr.v3.1.0.1/libs/ecmwf_grib_api-1.9.16/share/definitions"
#define GRIB_TIMER 0
#define OMP_PACKING 0
#define HAVE_JPEG 1
#define HAVE_LIBJASPER 1
#define HAVE_LIBM 1
#define HAVE_DIRENT_H 1
#define HAVE_STDDEF_H 1
#define HAVE_STDLIB_H 1
#define HAVE_STRING_H 1
#define HAVE_SYS_PARAM_H 1
#define HAVE_SYS_TIME_H 1
#define HAVE_UNISTD_H 1
#define HAVE_MATH_H 1
#define HAVE_STDARG_H 1
#define HAVE_ASSERT_H 1
#define HAVE_CTYPE_H 1
#define HAVE_FCNTL_H 1
#define TIME_WITH_SYS_TIME 1
#define RETSIGTYPE void
#define HAVE_VPRINTF 1
#define HAVE_BZERO 1
#define HAVE_GETTIMEOFDAY 1

configure: exit 0
